bug id : 0
owner : dgozman@chromium.org
bug desc : Chrome Version       :  37.0.2044.2 (Official Build 276424)OS : All (Win 7- Aero Enabled)What steps will reproduce the problem?1) Launch chrome, navigate to NTP.2) Open 'Devtools', resize the 'Devtools' window horizontally to minimum size.3) Without release the mouse press 'ctrl+p' to open the file window and without release the mouse again resize the 'Devtools' window horizontally up, to normal size and Observe the opened file window.What is the expected result?All the file info from the opened file window should be display properly.What happens instead?Some of the file info is missing from the opened file window and it will display after 'Scrolldown' the mouse.This is a Regression issue broken in 'M-36' and below is the bisect info:Narrow bisect info:http://build.chromium.org/f/chromium/perf/dashboard/ui/changelog.html?url=/trunk/src&range=260835%3A260851Blink bisect info:http://build.chromium.org/f/chromium/perf/dashboard/ui/changelog_blink.html?url=%2Ftrunk&range=170457%3A170463&mode=htmlSuspecting 170459 from blink info. 

bug id : 1
owner : e...@chromium.org
bug desc : The information below is copied and pasted from windows bughttp://code.google.com/p/chromium/issues/detail?id=35553.at the time i opened this bug, backend to revert to original page is notcompleted yet (todo by jay, same bug).What steps will reproduce the problem?1. go to a page in another language2. translate the page via the infobarThe confirmation infobar should have a "Show original" button so that users can undo a translation. 

bug id : 2
owner : a...@chromium.org
bug desc : Chrome Version       : 20.0.1132.3OS Version: OS X 10.7.3What steps will reproduce the problem?1. Put browser window in background by activating another app's window2. bottom shadow and border vanishes; no definition of window edge at all.3.What is the expected result?What happens instead?Please provide any additional information below. Attach a screenshot ifpossible.UserAgentString: Mozilla/5.0 (Macintosh; Intel Mac OS X 10_7_3) AppleWebKit/536.11 (KHTML, like Gecko) Chrome/20.0.1132.3 Safari/536.11 

bug id : 3
owner : pfeldman@chromium.org
bug desc : 1. canary devtools2. load http://edition.cnn.com/interactive/2013/11/travel/atl24/3. record timeline and resize window. 4. look at the layout thrashing inside of the resize events5. select a recalc styleelements affected text overlaps with piechart costs. 

bug id : 4
owner : estade@chromium.org
bug desc : We should find methods of drawing visual attention to tab modal dialogs in GTK. Windows counterpart would flash the title+border of a modal dialog if something else on the screen would be selected instead.  

bug id : 5
owner : e...@chromium.org
bug desc : Chrome Version       : 9.0.587.0URLs (if applicable) :Other browsers tested:Add OK or FAIL after other browsers where you have tested this issue:Safari 5:Firefox 3.x:IE 7/8:What steps will reproduce the problem?1. Use some web site or extension that uses data URLs extensively (like my extension: https://chrome.google.com/extensions/detail/gokffdfnlmampchciemmflgbckijpmlb )2. Try to enter some search request in address bar that contains words from data URLs ("data:" is easy one, and other are easier if URLs were not base64 encoded)What is the expected result?Useless data: urls are not shown as suggestions. There are no noticeable delays during entering search request. UI looks normal.What happens instead?data: urls are given as suggestions (it is hard to imagine when this can be useful). There are delays of more then 10s. See screenshot for UI brokenness.Please provide any additional information below. Attach a screenshot ifpossible.I used query "data:" as demonstration because it is easy to do. I had a lot of problems with normal search requests. The problem is probably less visible if only base64 data urls are used. Usage of web services for suggestions was disabled. Everything was tested under Linux. Screenshot is attached. 

bug id : 6
owner : davidjames@chromium.org
bug desc : From https://uberchromegw.corp.google.com/i/chromeos/builders/Chrome%20PFQ%20master/builds/1662/steps/PublishUprevChanges/logs/stdiocros_mark_as_stable: Unhandled exception:Traceback (most recent call last):  File "/b/cbuild/internal_master/chromite/bin/cros_mark_as_stable", line 142, in <module>    commandline.ScriptWrapperMain(FindTarget)  File "/b/cbuild/internal_master/chromite/lib/commandline.py", line 913, in ScriptWrapperMain    ret = target(argv[1:])  File "/b/cbuild/internal_master/chromite/scripts/cros_mark_as_stable.py", line 267, in main    options.dryrun, cwd=overlay)  File "/b/cbuild/internal_master/chromite/scripts/cros_mark_as_stable.py", line 119, in PushChange    git.SyncPushBranch(cwd, remote_ref.remote, remote_ref.ref)  File "/b/cbuild/internal_master/chromite/lib/git.py", line 1286, in SyncPushBranch    RunGit(git_repo, ['rebase', rebase_target])  File "/b/cbuild/internal_master/chromite/lib/git.py", line 820, in RunGit    ['git'] + cmd, **kwargs)  File "/b/cbuild/internal_master/chromite/lib/retry_util.py", line 71, in GenericRetry    return functor(*args, **kwargs)  File "/b/cbuild/internal_master/chromite/lib/cros_build_lib.py", line 614, in RunCommand    raise RunCommandError(msg, cmd_result)chromite.lib.cros_build_lib.RunCommandError: return code: 1Recorded preimage for 'metadata/md5-cache/chromeos-base/chromeos-ec-0.0.1-r2410'Recorded preimage for 'metadata/md5-cache/chromeos-base/ec-devutils-0.0.1-r470'Recorded preimage for 'metadata/md5-cache/chromeos-base/ec-utils-0.0.1-r2392'Recorded preimage for 'metadata/md5-cache/sys-apps/coreboot-utils-0.0.1-r1973'Recorded preimage for 'metadata/md5-cache/sys-apps/superiotool-0.0.1-r996'Recorded preimage for 'metadata/md5-cache/sys-boot/coreboot-0.0.1-r1052'Recorded preimage for 'metadata/md5-cache/sys-boot/coreinfo-0.0.1-r1973'Recorded preimage for 'metadata/md5-cache/sys-boot/libpayload-0.0.1-r1990'Recorded preimage for 'metadata/md5-cache/sys-kernel/tegra_lp0_resume-0.0.1-r994'Recorded preimage for 'metadata/md5-cache/sys-kernel/tegra_lp0_resume-t132-0.0.1-r562'Recorded preimage for 'metadata/md5-cache/sys-kernel/tegra_lp0_resume-t210-0.0.1-r60'Failed to merge in the changes.First, rewinding head to replay your work on top of it...Applying: Marking latest_release for chromeos-chrome ebuild with version 46.0.2455.0 as stable.Applying: Marking latest_release for chromium-source ebuild with version 46.0.2455.0 as stable.Applying: regen cacheUsing index info to reconstruct a base tree...Mmetadata/md5-cache/brillo-base/bidl-0.0.1-r418Mmetadata/md5-cache/brillo-base/brdebug-0.0.1-r449Mmetadata/md5-cache/brillo-base/brdebug-init-0.0.1-r214Mmetadata/md5-cache/brillo-base/germ-0.0.1-r485Mmetadata/md5-cache/brillo-base/libbrillobinder-0.0.1-r446Mmetadata/md5-cache/brillo-base/libprotobinder-0.0.1-r439Mmetadata/md5-cache/brillo-base/libpsyche-0.0.1-r390Mmetadata/md5-cache/brillo-base/psyche-0.0.1-r488Mmetadata/md5-cache/brillo-base/psyche_demo-0.0.1-r390Mmetadata/md5-cache/brillo-base/sandbox-spec-gen-0.0.1-r139Mmetadata/md5-cache/brillo-base/servicemanager-0.0.1-r459Mmetadata/md5-cache/brillo-base/soma-0.0.1-r488Mmetadata/md5-cache/chromeos-base/apmanager-0.0.1-r870Mmetadata/md5-cache/chromeos-base/app-shell-launcher-0.0.1-r1144Mmetadata/md5-cache/chromeos-base/attestation-0.0.1-r866Mmetadata/md5-cache/chromeos-base/avtest_label_detect-0.0.1-r1139Mmetadata/md5-cache/chromeos-base/bootstat-0.0.2-r1183Mmetadata/md5-cache/chromeos-base/buffet-0.0.1-r979Mmetadata/md5-cache/chromeos-base/chaps-0.0.1-r1039Mmetadata/md5-cache/chromeos-base/chromeos-dbus-bindings-0.0.1-r936Ametadata/md5-cache/chromeos-base/chromeos-ec-0.0.1-r2409Mmetadata/md5-cache/chromeos-base/chromeos-factory-0.0.1-r2703Mmetadata/md5-cache/chromeos-base/chromeos-imageburner-0.0.1-r1200Mmetadata/md5-cache/chromeos-base/chromeos-init-0.0.25-r1933Mmetadata/md5-cache/chromeos-base/chromeos-installer-0.0.1-r1476Mmetadata/md5-cache/chromeos-base/chromeos-login-0.0.5-r1929Mmetadata/md5-cache/chromeos-base/chromeos-minijail-0.0.1-r1229Mmetadata/md5-cache/chromeos-base/chromeos-test-init-0.0.1-r1386Mmetadata/md5-cache/chromeos-base/crash-reporter-0.0.1-r1107Mmetadata/md5-cache/chromeos-base/cromo-0.0.1-r965Mmetadata/md5-cache/chromeos-base/cros-disks-0.0.1-r856Mmetadata/md5-cache/chromeos-base/crosh-0.0.1-r1260Mmetadata/md5-cache/chromeos-base/cryptohome-0.0.1-r822Mmetadata/md5-cache/chromeos-base/debugd-0.0.1-r850Mmetadata/md5-cache/chromeos-base/disk_updater-0.0.1-r1160Mmetadata/md5-cache/chromeos-base/easy-unlock-0.0.1-r1052Ametadata/md5-cache/chromeos-base/ec-devutils-0.0.1-r469Ametadata/md5-cache/chromeos-base/ec-utils-0.0.1-r2391Mmetadata/md5-cache/chromeos-base/feedback-0.0.1-r959Mmetadata/md5-cache/chromeos-base/firewalld-0.0.1-r719Mmetadata/md5-cache/chromeos-base/glbench-0.0.1-r579Mmetadata/md5-cache/chromeos-base/gobi-cromo-plugin-1.0.1-r1211Mmetadata/md5-cache/chromeos-base/jukebox-demo-0.0.1-r6Mmetadata/md5-cache/chromeos-base/libchromeos-0.0.1-r1168Mmetadata/md5-cache/chromeos-base/lorgnette-0.0.1-r849Mmetadata/md5-cache/chromeos-base/metrics-0.0.1-r1151Mmetadata/md5-cache/chromeos-base/mist-0.0.1-r985Mmetadata/md5-cache/chromeos-base/modem-utilities-0.0.1-r1148Mmetadata/md5-cache/chromeos-base/p2p-0.0.1-r1196Mmetadata/md5-cache/chromeos-base/peerd-0.0.1-r1066Mmetadata/md5-cache/chromeos-base/permission_broker-0.0.1-r1135Mmetadata/md5-cache/chromeos-base/power_manager-0.0.1-r998Mmetadata/md5-cache/chromeos-base/quipper-0.0.1-r728Mmetadata/md5-cache/chromeos-base/regions-0.0.1-r355Mmetadata/md5-cache/chromeos-base/salsa-0.0.1-r1090Mmetadata/md5-cache/chromeos-base/settingsd-0.0.1-r143Mmetadata/md5-cache/chromeos-base/shill-0.0.1-r928Mmetadata/md5-cache/chromeos-base/shill-test-scripts-0.0.1-r1596Mmetadata/md5-cache/chromeos-base/smogcheck-0.0.1-r1144Mmetadata/md5-cache/chromeos-base/system_api-0.0.1-r1551Mmetadata/md5-cache/chromeos-base/tpm_manager-0.0.1-r149Mmetadata/md5-cache/chromeos-base/trunks-0.0.1-r998Mmetadata/md5-cache/chromeos-base/update_engine-0.0.2-r1744Mmetadata/md5-cache/chromeos-base/userfeedback-0.0.1-r1240Mmetadata/md5-cache/chromeos-base/vpn-manager-0.0.1-r850Mmetadata/md5-cache/chromeos-base/webserver-0.0.1-r544Mmetadata/md5-cache/chromeos-base/wimax_manager-0.0.1-r1062Ametadata/md5-cache/sys-apps/coreboot-utils-0.0.1-r1972Mmetadata/md5-cache/sys-apps/fitpicker-0.0.1-r192Ametadata/md5-cache/sys-apps/superiotool-0.0.1-r995Ametadata/md5-cache/sys-boot/coreboot-0.0.1-r1051Ametadata/md5-cache/sys-boot/coreinfo-0.0.1-r1972Ametadata/md5-cache/sys-boot/libpayload-0.0.1-r1989Ametadata/md5-cache/sys-kernel/tegra_lp0_resume-0.0.1-r993Ametadata/md5-cache/sys-kernel/tegra_lp0_resume-t132-0.0.1-r561Ametadata/md5-cache/sys-kernel/tegra_lp0_resume-t210-0.0.1-r59Falling back to patching base and 3-way merge...Auto-merging metadata/md5-cache/sys-kernel/tegra_lp0_resume-t210-0.0.1-r60CONFLICT (content): Merge conflict in metadata/md5-cache/sys-kernel/tegra_lp0_resume-t210-0.0.1-r60Auto-merging metadata/md5-cache/sys-kernel/tegra_lp0_resume-t132-0.0.1-r562CONFLICT (content): Merge conflict in metadata/md5-cache/sys-kernel/tegra_lp0_resume-t132-0.0.1-r562Auto-merging metadata/md5-cache/sys-kernel/tegra_lp0_resume-0.0.1-r994CONFLICT (content): Merge conflict in metadata/md5-cache/sys-kernel/tegra_lp0_resume-0.0.1-r994Auto-merging metadata/md5-cache/sys-boot/libpayload-0.0.1-r1990CONFLICT (content): Merge conflict in metadata/md5-cache/sys-boot/libpayload-0.0.1-r1990Auto-merging metadata/md5-cache/sys-boot/coreinfo-0.0.1-r1973CONFLICT (content): Merge conflict in metadata/md5-cache/sys-boot/coreinfo-0.0.1-r1973Auto-merging metadata/md5-cache/sys-boot/coreboot-0.0.1-r1052CONFLICT (content): Merge conflict in metadata/md5-cache/sys-boot/coreboot-0.0.1-r1052Auto-merging metadata/md5-cache/sys-apps/superiotool-0.0.1-r996CONFLICT (content): Merge conflict in metadata/md5-cache/sys-apps/superiotool-0.0.1-r996Auto-merging metadata/md5-cache/sys-apps/coreboot-utils-0.0.1-r1973CONFLICT (content): Merge conflict in metadata/md5-cache/sys-apps/coreboot-utils-0.0.1-r1973Auto-merging metadata/md5-cache/chromeos-base/ec-utils-0.0.1-r2392CONFLICT (content): Merge conflict in metadata/md5-cache/chromeos-base/ec-utils-0.0.1-r2392Auto-merging metadata/md5-cache/chromeos-base/ec-devutils-0.0.1-r470CONFLICT (content): Merge conflict in metadata/md5-cache/chromeos-base/ec-devutils-0.0.1-r470Auto-merging metadata/md5-cache/chromeos-base/chromeos-ec-0.0.1-r2410CONFLICT (content): Merge conflict in metadata/md5-cache/chromeos-base/chromeos-ec-0.0.1-r2410Patch failed at 0003 regen cacheThe copy of the patch that failed is found in:   /b/cbuild/internal_master/src/third_party/chromiumos-overlay/.git/rebase-apply/patchWhen you have resolved this problem, run "git rebase --continue".If you prefer to skip this patch, run "git rebase --skip" instead.To check out the original branch and stop rebasing, run "git rebase --abort".Failed command "git rebase refs/remotes/cros/master", cwd=/b/cbuild/internal_master/src/third_party/chromiumos-overlay, extra env=None15:12:30: ERROR: return code: 1Failed command "/b/cbuild/internal_master/chromite/bin/cros_mark_as_stable '--srcroot=/b/cbuild/internal_master/src' '--overlays=/b/cbuild/internal_master/src/overlays/overlay-variant-auron-paine:/b/cbuild/internal_master/src/private-overlays/overlay-kayle-private:/b/cbuild/internal_master/src/private-overlays/overlay-variant-veyron-thea-private:/b/cbuild/internal_master/src/overlays/overlay-clapper:/b/cbuild/internal_master/src/private-overlays/overlay-variant-peach-pit-private:/b/cbuild/internal_master/src/overlays/overlay-peppy:/b/cbuild/internal_master/src/private-overlays/baseboard-auron-private:/b/cbuild/internal_master/src/overlays/overlay-x86-generic:/b/cbuild/internal_master/src/overlays/overlay-veyron:/b/cbuild/internal_master/src/overlays/overlay-variant-arm-generic-freon:/b/cbuild/internal_master/src/private-overlays/overlay-expresso-private:/b/cbuild/internal_master/src/overlays/overlay-variant-daisy-freon:/b/cbuild/internal_master/src/overlays/overlay-ninja:/b/cbuild/internal_master/src/private-overlays/overlay-peppy-private:/b/cbuild/internal_master/src/private-overlays/project-vitruvius-private:/b/cbuild/internal_master/src/private-overlays/overlay-danger-embedded-private:/b/cbuild/internal_master/src/overlays/overlay-heli:/b/cbuild/internal_master/src/private-overlays/project-jetstream-private:/b/cbuild/internal_master/src/private-overlays/overlay-gandof-private:/b/cbuild/internal_master/src/private-overlays/overlay-variant-veyron-nicky-private:/b/cbuild/internal_master/src/private-overlays/overlay-variant-veyron-jerry-private:/b/cbuild/internal_master/src/overlays/overlay-panther:/b/cbuild/internal_master/src/third_party/portage-stable:/b/cbuild/internal_master/src/overlays/project-mobbuild:/b/cbuild/internal_master/src/overlays/project-freon:/b/cbuild/internal_master/src/private-overlays/overlay-variant-veyron-danger-private:/b/cbuild/internal_master/src/overlays/overlay-mccloud:/b/cbuild/internal_master/src/private-overlays/overlay-ninja-private:/b/cbuild/internal_master/src/overlays/overlay-foster:/b/cbuild/internal_master/src/private-overlays/overlay-parrot-private:/b/cbuild/internal_master/src/private-overlays/overlay-squawks-private:/b/cbuild/internal_master/src/overlays/baseboard-jecht:/b/cbuild/internal_master/src/private-overlays/overlay-falco-private:/b/cbuild/internal_master/src/overlays/overlay-reptile:/b/cbuild/internal_master/src/overlays/overlay-variant-x86-zgb-he-freon:/b/cbuild/internal_master/src/private-overlays/overlay-cosmos-private:/b/cbuild/internal_master/src/private-overlays/overlay-rush-private:/b/cbuild/internal_master/src/private-overlays/overlay-winky-private:/b/cbuild/internal_master/src/private-overlays/overlay-swanky-private:/b/cbuild/internal_master/src/private-overlays/overlay-daisy-private:/b/cbuild/internal_master/src/private-overlays/overlay-variant-peach-pi-private:/b/cbuild/internal_master/src/overlays/overlay-cranky:/b/cbuild/internal_master/src/private-overlays/overlay-oak-private:/b/cbuild/internal_master/src/private-overlays/overlay-cranky-private:/b/cbuild/internal_master/src/overlays/chipset-bdw:/b/cbuild/internal_master/src/overlays/overlay-sumo:/b/cbuild/internal_master/src/private-overlays/overlay-variant-storm-nand-private:/b/cbuild/internal_master/src/private-overlays/overlay-variant-veyron-rialto-private:/b/cbuild/internal_master/src/overlays/overlay-stout:/b/cbuild/internal_master/src/overlays/overlay-cyan:/b/cbuild/internal_master/src/overlays/overlay-variant-panther-moblab:/b/cbuild/internal_master/src/overlays/overlay-anglar:/b/cbuild/internal_master/src/private-overlays/overlay-beaglebone-private:/b/cbuild/internal_master/src/overlays/overlay-variant-x86-alex-freon:/b/cbuild/internal_master/src/overlays/overlay-puppy:/b/cbuild/internal_master/src/overlays/overlay-parrot:/b/cbuild/internal_master/src/private-overlays/overlay-candy-private:/b/cbuild/internal_master/src/private-overlays/overlay-variant-veyron-mickey-private:/b/cbuild/internal_master/src/overlays/overlay-variant-x86-generic-embedded:/b/cbuild/internal_master/src/private-overlays/overlay-variant-panther-goofy-private:/b/cbuild/internal_master/src/overlays/overlay-candy:/b/cbuild/internal_master/src/private-overlays/overlay-bolt-private:/b/cbuild/internal_master/src/private-overlays/overlay-kip-private:/b/cbuild/internal_master/src/overlays/overlay-orco:/b/cbuild/internal_master/src/private-overlays/overlay-stumpy-private:/b/cbuild/internal_master/src/overlays/chipset-skl:/b/cbuild/internal_master/src/overlays/overlay-variant-daisy-spring-freon:/b/cbuild/internal_master/src/overlays/overlay-falco:/b/cbuild/internal_master/src/private-overlays/overlay-stout-private:/b/cbuild/internal_master/src/third_party/chromiumos-overlay:/b/cbuild/internal_master/src/overlays/overlay-variant-parrot-freon:/b/cbuild/internal_master/src/overlays/overlay-mipseb-o32-generic:/b/cbuild/internal_master/src/private-overlays/overlay-sumo-private:/b/cbuild/internal_master/src/private-overlays/overlay-variant-veyron-minnie-private:/b/cbuild/internal_master/src/private-overlays/overlay-quawks-private:/b/cbuild/internal_master/src/private-overlays/overlay-x86-alex-private:/b/cbuild/internal_master/src/overlays/overlay-mipsel-n32-generic:/b/cbuild/internal_master/src/overlays/overlay-jecht:/b/cbuild/internal_master/src/private-overlays/overlay-leon-private:/b/cbuild/internal_master/src/private-overlays/overlay-rikku-private:/b/cbuild/internal_master/src/private-overlays/baseboard-glados-private:/b/cbuild/internal_master/src/overlays/overlay-ppcbe-64-generic:/b/cbuild/internal_master/src/overlays/overlay-glados:/b/cbuild/internal_master/src/private-overlays/overlay-variant-peach-pit-freon-private:/b/cbuild/internal_master/src/overlays/overlay-x86-mario:/b/cbuild/internal_master/src/private-overlays/overlay-jecht-private:/b/cbuild/internal_master/src/private-overlays/overlay-variant-panther-moblab-private:/b/cbuild/internal_master/src/overlays/overlay-variant-nyan-big:/b/cbuild/internal_master/src/overlays/overlay-variant-guado-moblab:/b/cbuild/internal_master/src/private-overlays/overlay-variant-falco-li-private:/b/cbuild/internal_master/src/private-overlays/overlay-nyan-private:/b/cbuild/internal_master/src/private-overlays/overlay-clapper-private:/b/cbuild/internal_master/src/overlays/overlay-variant-amd64-generic-mobbuild:/b/cbuild/internal_master/src/private-overlays/chipset-bdw-private:/b/cbuild/internal_master/src/private-overlays/overlay-butterfly-private:/b/cbuild/internal_master/src/overlays/overlay-gandof:/b/cbuild/internal_master/src/private-overlays/overlay-rambi-private:/b/cbuild/internal_master/src/private-overlays/overlay-variant-peach-pi-freon-private:/b/cbuild/internal_master/src/private-overlays/overlay-x86-mario-private:/b/cbuild/internal_master/src/private-overlays/overlay-variant-daisy-spring-freon-private:/b/cbuild/internal_master/src/overlays/overlay-variant-stumpy-moblab:/b/cbuild/internal_master/src/private-overlays/overlay-guado-private:/b/cbuild/internal_master/src/overlays/overlay-guado:/b/cbuild/internal_master/src/private-overlays/overlay-monroe-private:/b/cbuild/internal_master/src/private-overlays/overlay-variant-veyron-mighty-private:/b/cbuild/internal_master/src/private-overlays/overlay-tricky-private:/b/cbuild/internal_master/src/overlays/overlay-variant-nyan-freon:/b/cbuild/internal_master/src/overlays/overlay-variant-parrot-ivb:/b/cbuild/internal_master/src/private-overlays/overlay-plaso-private:/b/cbuild/internal_master/src/private-overlays/overlay-wolf-private:/b/cbuild/internal_master/src/overlays/overlay-rikku:/b/cbuild/internal_master/src/private-overlays/chipset-skl-private:/b/cbuild/internal_master/src/private-overlays/overlay-variant-beaglebone-vv1-private:/b/cbuild/internal_master/src/overlays/overlay-variant-x86-mario-freon:/b/cbuild/internal_master/src/private-overlays/chipset-bsw-private:/b/cbuild/internal_master/src/overlays/overlay-amd64-generic:/b/cbuild/internal_master/src/overlays/overlay-acorn:/b/cbuild/internal_master/src/overlays/overlay-variant-lumpy-freon:/b/cbuild/internal_master/src/overlays/overlay-mappy:/b/cbuild/internal_master/src/private-overlays/overlay-variant-daisy-skate-freon-private:/b/cbuild/internal_master/src/overlays/overlay-variant-daisy-skate-freon:/b/cbuild/internal_master/src/overlays/overlay-variant-amd64-generic-embedded:/b/cbuild/internal_master/src/private-overlays/overlay-variant-guado-moblab-private:/b/cbuild/internal_master/src/private-overlays/overlay-heli-private:/b/cbuild/internal_master/src/overlays/overlay-variant-daisy-embedded:/b/cbuild/internal_master/src/private-overlays/overlay-variant-daisy-skate-private:/b/cbuild/internal_master/src/overlays/project-moblab:/b/cbuild/internal_master/src/private-overlays/overlay-sklrvp-private:/b/cbuild/internal_master/src/private-overlays/overlay-cyclone-private:/b/cbuild/internal_master/src/overlays/overlay-wolf:/b/cbuild/internal_master/src/private-overlays/overlay-smaug-private:/b/cbuild/internal_master/src/overlays/overlay-daisy:/b/cbuild/internal_master/src/overlays/overlay-zako:/b/cbuild/internal_master/src/private-overlays/overlay-link-private:/b/cbuild/internal_master/src/overlays/overlay-strago:/b/cbuild/internal_master/src/private-overlays/overlay-variant-stumpy-pico-private:/b/cbuild/internal_master/src/private-overlays/overlay-auron-private:/b/cbuild/internal_master/src/overlays/overlay-rambi:/b/cbuild/internal_master/src/overlays/overlay-auron:/b/cbuild/internal_master/src/private-overlays/overlay-purin-private:/b/cbuild/internal_master/src/overlays/overlay-ppcle-64-generic:/b/cbuild/internal_master/src/private-overlays/baseboard-strago-private:/b/cbuild/internal_master/src/overlays/overlay-leon:/b/cbuild/internal_master/src/private-overlays/overlay-strago-private:/b/cbuild/internal_master/src/private-overlays/overlay-variant-rush-ryu-private:/b/cbuild/internal_master/src/private-overlays/overlay-samus-private:/b/cbuild/internal_master/src/private-overlays/chromeos-overlay:/b/cbuild/internal_master/src/private-overlays/overlay-variant-nyan-kitty-private:/b/cbuild/internal_master/src/overlays/overlay-variant-x86-zgb-freon:/b/cbuild/internal_master/src/private-overlays/overlay-veyron-private:/b/cbuild/internal_master/src/private-overlays/overlay-variant-veyron-shark-private:/b/cbuild/internal_master/src/overlays/overlay-variant-panther-embedded:/b/cbuild/internal_master/src/overlays/baseboard-strago:/b/cbuild/internal_master/src/overlays/overlay-variant-peach-pit:/b/cbuild/internal_master/src/overlays/overlay-amd64-host:/b/cbuild/internal_master/src/overlays/baseboard-auron:/b/cbuild/internal_master/src/private-overlays/overlay-variant-nyan-big-private:/b/cbuild/internal_master/src/overlays/overlay-variant-daisy-spring:/b/cbuild/internal_master/src/overlays/chipset-bsw:/b/cbuild/internal_master/src/private-overlays/overlay-kunimitsu-private:/b/cbuild/internal_master/src/private-overlays/overlay-lulu-private:/b/cbuild/internal_master/src/overlays/overlay-mipsel-o32-generic:/b/cbuild/internal_master/src/private-overlays/baseboard-kunimitsu-private:/b/cbuild/internal_master/src/private-overlays/overlay-variant-peach-kirby-private:/b/cbuild/internal_master/src/overlays/overlay-quawks:/b/cbuild/internal_master/src/private-overlays/overlay-marble-private:/b/cbuild/internal_master/src/overlays/overlay-ppcle-32-generic:/b/cbuild/internal_master/src/overlays/overlay-ppcbe-32-generic:/b/cbuild/internal_master/src/overlays/overlay-sama5d3:/b/cbuild/internal_master/src/private-overlays/overlay-storm-private:/b/cbuild/internal_master/src/overlays/overlay-nyan:/b/cbuild/internal_master/src/private-overlays/overlay-variant-auron-paine-private:/b/cbuild/internal_master/src/private-overlays/project-mobbase-private:/b/cbuild/internal_master/src/overlays/overlay-glimmer:/b/cbuild/internal_master/src/private-overlays/overlay-whirlwind-private:/b/cbuild/internal_master/src/overlays/overlay-lulu:/b/cbuild/internal_master/src/third_party/eclass-overlay:/b/cbuild/internal_master/src/private-overlays/overlay-cid-private:/b/cbuild/internal_master/src/overlays/overlay-variant-quawks-freon:/b/cbuild/internal_master/src/overlays/overlay-link:/b/cbuild/internal_master/src/overlays/overlay-variant-peach-pit-freon:/b/cbuild/internal_master/src/private-overlays/overlay-bayleybay-private:/b/cbuild/internal_master/src/overlays/overlay-variant-daisy-skate:/b/cbuild/internal_master/src/private-overlays/overlay-variant-auron-pearlvalley-private:/b/cbuild/internal_master/src/overlays/overlay-variant-auron-yuna:/b/cbuild/internal_master/src/overlays/overlay-variant-x86-alex-he-freon:/b/cbuild/internal_master/src/private-overlays/overlay-variant-x86-alex-he-private:/b/cbuild/internal_master/src/overlays/overlay-winky:/b/cbuild/internal_master/src/overlays/overlay-variant-amd64-generic-freon:/b/cbuild/internal_master/src/private-overlays/overlay-x86-zgb-private:/b/cbuild/internal_master/src/private-overlays/overlay-bobcat-private:/b/cbuild/internal_master/src/overlays/overlay-cid:/b/cbuild/internal_master/src/private-overlays/overlay-variant-lakitu-mobbuild-private:/b/cbuild/internal_master/src/overlays/overlay-mipseb-n32-generic:/b/cbuild/internal_master/src/private-overlays/overlay-variant-veyron-jaq-private:/b/cbuild/internal_master/src/overlays/overlay-enguarde:/b/cbuild/internal_master/src/private-overlays/overlay-variant-nyan-blaze-private:/b/cbuild/internal_master/src/overlays/overlay-raspberrypi:/b/cbuild/internal_master/src/overlays/overlay-variant-panther-goofy:/b/cbuild/internal_master/src/private-overlays/overlay-variant-daisy-winter-private:/b/cbuild/internal_master/src/overlays/project-app-shell:/b/cbuild/internal_master/src/overlays/project-mobbase:/b/cbuild/internal_master/src/private-overlays/overlay-panther-private:/b/cbuild/internal_master/src/private-overlays/overlay-variant-veyron-brain-private:/b/cbuild/internal_master/src/private-overlays/overlay-enguarde-private:/b/cbuild/internal_master/src/overlays/overlay-gnawty:/b/cbuild/internal_master/src/private-overlays/overlay-variant-stumpy-moblab-private:/b/cbuild/internal_master/src/private-overlays/overlay-variant-x86-zgb-he-private:/b/cbuild/internal_master/src/overlays/overlay-x32-generic:/b/cbuild/internal_master/src/private-overlays/overlay-variant-parrot-ivb-private:/b/cbuild/internal_master/src/overlays/overlay-expresso:/b/cbuild/internal_master/src/overlays/overlay-arm-generic:/b/cbuild/internal_master/src/private-overlays/project-envoy-private:/b/cbuild/internal_master/src/overlays/overlay-variant-beaglebone-servo:/b/cbuild/internal_master/src/overlays/overlay-mipsel-n64-generic:/b/cbuild/internal_master/src/overlays/overlay-variant-x86-zgb-he:/b/cbuild/internal_master/src/overlays/overlay-swanky:/b/cbuild/internal_master/src/private-overlays/overlay-variant-lemmings-external-private:/b/cbuild/internal_master/src/private-overlays/overlay-peach-private:/b/cbuild/internal_master/src/private-overlays/overlay-anglar-private:/b/cbuild/internal_master/src/private-overlays/overlay-cyan-private:/b/cbuild/internal_master/src/private-overlays/overlay-lakitu-private:/b/cbuild/internal_master/src/private-overlays/overlay-zako-private:/b/cbuild/internal_master/src/overlays/overlay-kunimitsu:/b/cbuild/internal_master/src/overlays/overlay-x86-alex:/b/cbuild/internal_master/src/private-overlays/overlay-variant-daisy-spring-private:/b/cbuild/internal_master/src/private-overlays/overlay-variant-veyron-romy-private:/b/cbuild/internal_master/src/private-overlays/overlay-orco-private:/b/cbuild/internal_master/src/overlays/overlay-monroe:/b/cbuild/internal_master/src/overlays/overlay-gizmo:/b/cbuild/internal_master/src/private-overlays/chromeos-overlay-oak:/b/cbuild/internal_master/src/overlays/overlay-lumpy:/b/cbuild/internal_master/src/overlays/overlay-variant-stout-freon:/b/cbuild/internal_master/src/overlays/overlay-variant-butterfly-freon:/b/cbuild/internal_master/src/overlays/overlay-peach:/b/cbuild/internal_master/src/private-overlays/overlay-envoy-jerry-private:/b/cbuild/internal_master/src/private-overlays/overlay-optimus-private:/b/cbuild/internal_master/src/private-overlays/overlay-variant-nyan-freon-private:/b/cbuild/internal_master/src/private-overlays/overlay-variant-veyron-caution-private:/b/cbuild/internal_master/src/private-overlays/overlay-slippy-private:/b/cbuild/internal_master/src/overlays/overlay-oak:/b/cbuild/internal_master/src/private-overlays/overlay-danger-private:/b/cbuild/internal_master/src/private-overlays/overlay-beltino-private:/b/cbuild/internal_master/src/overlays/overlay-x86-zgb:/b/cbuild/internal_master/src/private-overlays/overlay-mccloud-private:/b/cbuild/internal_master/src/private-overlays/overlay-banjo-private:/b/cbuild/internal_master/src/overlays/overlay-squawks:/b/cbuild/internal_master/src/private-overlays/overlay-tidus-private:/b/cbuild/internal_master/src/private-overlays/overlay-arkham-private:/b/cbuild/internal_master/src/overlays/overlay-banjo:/b/cbuild/internal_master/src/overlays/overlay-stumpy:/b/cbuild/internal_master/src/overlays/baseboard-kunimitsu:/b/cbuild/internal_master/src/private-overlays/overlay-variant-veyron-pinky-private:/b/cbuild/internal_master/src/overlays/overlay-butterfly:/b/cbuild/internal_master/src/overlays/overlay-moose:/b/cbuild/internal_master/src/overlays/overlay-arm64-generic:/b/cbuild/internal_master/src/overlays/overlay-beaglebone:/b/cbuild/internal_master/src/private-overlays/overlay-glimmer-private:/b/cbuild/internal_master/src/overlays/overlay-kip:/b/cbuild/internal_master/src/private-overlays/overlay-lumpy-private:/b/cbuild/internal_master/src/overlays/baseboard-glados:/b/cbuild/internal_master/src/private-overlays/overlay-parry-private:/b/cbuild/internal_master/src/overlays/overlay-variant-peach-pi-freon:/b/cbuild/internal_master/src/private-overlays/overlay-variant-auron-yuna-private:/b/cbuild/internal_master/src/overlays/overlay-mipseb-n64-generic:/b/cbuild/internal_master/src/overlays/overlay-variant-peach-pi:/b/cbuild/internal_master/src/overlays/overlay-samus:/b/cbuild/internal_master/src/overlays/overlay-parry:/b/cbuild/internal_master/src/private-overlays/chromeos-partner-overlay:/b/cbuild/internal_master/src/overlays/overlay-tricky:/b/cbuild/internal_master/src/overlays/overlay-variant-x86-alex-he:/b/cbuild/internal_master/src/private-overlays/overlay-glados-private:/b/cbuild/internal_master/src/private-overlays/overlay-bruteus-private:/b/cbuild/internal_master/src/private-overlays/overlay-variant-veyron-speedy-private:/b/cbuild/internal_master/src/private-overlays/baseboard-jecht-private:/b/cbuild/internal_master/src/overlays/overlay-variant-stumpy-freon:/b/cbuild/internal_master/src/overlays/overlay-tidus:/b/cbuild/internal_master/src/private-overlays/overlay-variant-veyron-gus-private:/b/cbuild/internal_master/src/private-overlays/overlay-gnawty-private' push", cwd=/b/cbuild/internal_master, extra env=None 

bug id : 7
owner : e...@chromium.org
bug desc : UserAgent: Mozilla/5.0 (Windows NT 6.2; WOW64) AppleWebKit/537.36 (KHTML, like Gecko) Chrome/28.0.1497.0 Safari/537.36Example URL:http://twitter.github.io/bootstrap/scaffolding.html#fluidGridSystemSteps to reproduce the problem:1. Open URL2. Section "Fluid Grid System"3. Reduce browser window width4. At about 1220px the last "1" divs breaks to new lineWhat is the expected behavior?All 12 divs should stay in a row.What went wrong?The last div is moved to the next rowDoes it occur on multiple sites: N/AIs it a problem with a plugin? No Did this work before? Yes Not sure, maybe a week ago.Does this work in other browsers? Yes Chrome 26.0.1410.64mChrome version: 28.0.1497.0  Channel: canaryOS Version: 6.2 (Windows 8) 

bug id : 8
owner : sky@chromium.org
bug desc : One or more of the following browser_tests tests are failing under auraClockMenuButtonTest.TimezoneTestThis test fails on a Stumpy device running from the ToT at around noon on Nov 17th Entire log attached to metabug is here:http://chromium.googlecode.com/issues/attachment?aid=1028550024000&name=output.txt&token=e7f7e5a75ecaff7de7aa3c45c0c5dba7 

bug id : 9
owner : estade@chromium.org
bug desc : chromium Version       : 4.0.270.0(Developer Build Windows build 34444) What steps will reproduce the problem?1.after open chromium have  --purge-memory-button commandline ,open any web site contain input field.2.open task manager,and push "Purge memory" button.3.input any wrong word in any web page input field.What is the expected result?spell-checker will underline  wrong word.What happens instead?spell-checker not underlines  wrong word. 

bug id : 10
owner : estade@chromium.org
bug desc : Chrome Version       : 5.0.307.3 (Official Build 37760) devURLs (if applicable) :Other browsers tested:Add OK or FAIL after other browsers where you have tested this issue:Safari 4:Firefox 3.x:IE 7:IE 8:What steps will reproduce the problem?1. Launch Chrome with Ar or He UI2. Open multiple tabs on the browser (ex : create 7 tabs)3. close a tabWhat is the expected result?What happens instead?Remaining tabs are small after the tab is closed.Please provide any additional information below. Attach a screenshot ifpossible. 

bug id : 11
owner : tha...@chromium.org
bug desc : - find a text field and focus it (google.com works)- press command-left arrowexpected:- cursor moves to endactual:- a box gets inserted into the text ()This makes dev builds pretty darn unusable for anything real. 

bug id : 12
owner : sky@chromium.org
bug desc : Chrome Version       : 17.0.927.0 (Developer Build 108316)URLs (if applicable) : N/AOther browsers tested: N/A  Add OK or FAIL after other browsers where you have tested this issue: Browser crashes when clicking 'wrench' > 'About Chromium'Safari 5:Firefox 4.x:IE 7/8/9:What steps will reproduce the problem?1. Clicking the wrench icon2. selecting 'about chromium'3.What is the expected result?'About' dialog box pops up.What happens instead?Chromium crashes.Please provide any additional information below. Attach a screenshot ifpossible. 

bug id : 13
owner : steve...@chromium.org
bug desc : If the network list changes once, NetworkStateHandler emits two notifications.This leads to unnecessary overhead and affects all observers of the network list.The cause are these two lines:https://code.google.com/p/chromium/codesearch#chromium/src/chromeos/network/network_state_handler.cc&sq=package:chromium&q=network_state_han&type=cs&l=564https://code.google.com/p/chromium/codesearch#chromium/src/chromeos/network/shill_property_handler.cc&sq=package:chromium&q=ManagedStateListChanged&type=cs&l=510The former could be replaced by a more specific FavoriteListChanged. 

bug id : 14
owner : pfeldman@chromium.org
bug desc : UserAgent: Mozilla/5.0 (Macintosh; Intel Mac OS X 10_8_2) AppleWebKit/537.22 (KHTML, like Gecko) Chrome/25.0.1364.172 Safari/537.22Steps to reproduce the problem:1. Load an unpacked Packaged app or Extension2. Click to enable Developer Mode by toggling the checkbox in Tools -> Extensions3. Launch the inspect view by clicking a link to a window in the application.4. Note that you're stuck on whatever the default tool is, console, HTML, etc and cannot change.What is the expected behavior?The expected behavior is that the top row:  Elements, Resources, Network, Sources, Timeline, Profiles, Audits, and Console be visible in the Chrome Developer tools, even for Extensions and Packaged apps.This is not the case with the latest Canary 27.0.1452.0What went wrong?See "expected behavior". The top navigation in Developer Tools is missing in action.  See attached screenshot.Did this work before? Yes Version previous to this, not counting the weekend (as it's the weekend and I was doing other things) It may or may not have broken during a Sat or Sun update...Chrome version: 27.0.1452.0  Channel: canaryOS Version: OS X 10.8.2Please fix ASAP. This makes it extremely difficult to debug apps without the developer tools working properly. Thank you! :) 

bug id : 15
owner : tkent@chromium.org
bug desc : Version: Chrome for Android 33.0.1721.0OS: Android 4.4What steps will reproduce the problem?1. Hook up Android Chrome with Desktop Chrome for debugging2. obtain DOM object of "option" element3. change "selected" attribute (ex: option.selected = true) and check if it is changedWhat is the expected output? What do you see instead?option.selected = true is expected whereas I see option.selected = falsehttps://twitter.com/thomasfuchs/status/407559283669495808 

bug id : 16
owner : estade@chromium.org
bug desc : Chrome Version       : 4.0.221.8-r28108 (google-chrome-unstable)OS + version : Goobuntu HardyCPU architecture (32-bit / 64-bit): x86_64window manager : metacityURLs (if applicable) : allWhat steps will reproduce the problem?1. Start chrome browser2. visit any addressWhat is the expected result?the ui will not hang, and the web page is displayedWhat happens instead?total ui hang, with one chrome process (the ui thread?) consuming 100% of one of my CPU cores.Details/Forensics:It seems I had a crash which has somehow corrupted something in my config directory.  If I move ~/.config/google-chrome to a backup directory, a new config directory is created and the hang goes away.  I attached gdb, and it seems to be hanging somewere in glib/gtk:--------------------------------------------------------------------------(gdb) bt#0  0x00007f7352fc7653 in ?? () from /usr/lib/libglib-2.0.so.0#1  0x00007f7352fcb3fd in g_source_attach () from /usr/lib/libglib-2.0.so.0#2  0x00007f7352fcb542 in g_idle_add_full () from /usr/lib/libglib-2.0.so.0#3  0x00007f73548ebf70 in ?? () from /usr/lib/libgtk-x11-2.0.so.0#4  0x00007f73549db7cd in ?? () from /usr/lib/libgtk-x11-2.0.so.0#5  0x00007f7354a8a12c in gtk_widget_hide () from /usr/lib/libgtk-x11-2.0.so.0#6  0x00007f7353869bbf in g_closure_invoke () from /usr/lib/libgobject-2.0.so.0#7  0x00007f735387d7e8 in ?? () from /usr/lib/libgobject-2.0.so.0#8  0x00007f735387f245 in g_signal_emit_valist () from /usr/lib/libgobject-2.0.so.0#9  0x00007f735387f633 in g_signal_emit () from /usr/lib/libgobject-2.0.so.0#10 0x00007f7354a87fb4 in gtk_widget_size_allocate () from /usr/lib/libgtk-x11-2.0.so.0#11 0x00007f735493cba6 in ?? () from /usr/lib/libgtk-x11-2.0.so.0#12 0x00007f7353869c8c in g_closure_invoke () from /usr/lib/libgobject-2.0.so.0#13 0x00007f735387d4be in ?? () from /usr/lib/libgobject-2.0.so.0#14 0x00007f735387f245 in g_signal_emit_valist () from /usr/lib/libgobject-2.0.so.0#15 0x00007f735387f633 in g_signal_emit () from /usr/lib/libgobject-2.0.so.0...--------------------------------------------------------------------------More detailed gdb info (PID 23713 was the one that was using 100% CPU):--------------------------------------------------------------------------jbs@baoyu:~/.config$ gdbGNU gdb (GDB) 7.0-gg1Copyright (C) 2009 Free Software Foundation, Inc.License GPLv3+: GNU GPL version 3 or later <http://gnu.org/licenses/gpl.html>Type "show copying" and "show warranty" for licensing/warranty details.This GDB was configured as "x86_64-linux".(gdb) attach 23713Attaching to process 23713Reading symbols from /opt/google/chrome/chrome...WARNING: no debugging symbols found.[ lots of messages about lack of debug symbols in various so's redacted ][Thread debugging using libthread_db enabled]Using host libthread_db library "/lib64/libthread_db.so.1".[New Thread 0x40944950 (LWP 23790)][New Thread 0x40923950 (LWP 23789)][New Thread 0x413b3950 (LWP 23787)][New Thread 0x4131b950 (LWP 23784)][New Thread 0x43d36950 (LWP 23751)][New Thread 0x412fa950 (LWP 23724)][New Thread 0x43535950 (LWP 23723)][New Thread 0x42d34950 (LWP 23722)][New Thread 0x42533950 (LWP 23721)][New Thread 0x41d32950 (LWP 23716)][ more messages about lack of debug symbols in various so's redacted ]Loaded symbols for /usr/lib/nss/libnssckbi.so0x00007f7352fc7653 in ?? () from /usr/lib/libglib-2.0.so.0(gdb) threadsUndefined command: "threads".  Try "help".(gdb) info threads  11 Thread 0x41d32950 (LWP 23716)  0x00007f7350998739 in syscall () from /lib/libc.so.6  10 Thread 0x42533950 (LWP 23721)  0x00007f7351d90b99 in pthread_cond_wait@@GLIBC_2.3.2 () from /lib/libpthread.so.0  9 Thread 0x42d34950 (LWP 23722)  0x00007f7350998739 in syscall () from /lib/libc.so.6  8 Thread 0x43535950 (LWP 23723)  0x00007f7351d90b99 in pthread_cond_wait@@GLIBC_2.3.2 () from /lib/libpthread.so.0  7 Thread 0x412fa950 (LWP 23724)  0x00007f7351d90b99 in pthread_cond_wait@@GLIBC_2.3.2 () from /lib/libpthread.so.0  6 Thread 0x43d36950 (LWP 23751)  0x00007f7351d90e1d in pthread_cond_timedwait@@GLIBC_2.3.2 () from /lib/libpthread.so.0  5 Thread 0x4131b950 (LWP 23784)  0x00007f7351d90e1d in pthread_cond_timedwait@@GLIBC_2.3.2 () from /lib/libpthread.so.0  4 Thread 0x413b3950 (LWP 23787)  0x00007f7351d90e1d in pthread_cond_timedwait@@GLIBC_2.3.2 () from /lib/libpthread.so.0  3 Thread 0x40923950 (LWP 23789)  0x00007f7351d90e1d in pthread_cond_timedwait@@GLIBC_2.3.2 () from /lib/libpthread.so.0  2 Thread 0x40944950 (LWP 23790)  0x00007f7351d90e1d in pthread_cond_timedwait@@GLIBC_2.3.2 () from /lib/libpthread.so.0* 1 Thread 0x7f735590c6f0 (LWP 23713)  0x00007f7352fc7653 in ?? () from /usr/lib/libglib-2.0.so.0(gdb) bt#0  0x00007f7352fc7653 in ?? () from /usr/lib/libglib-2.0.so.0#1  0x00007f7352fcb3fd in g_source_attach () from /usr/lib/libglib-2.0.so.0#2  0x00007f7352fcb542 in g_idle_add_full () from /usr/lib/libglib-2.0.so.0#3  0x00007f73548ebf70 in ?? () from /usr/lib/libgtk-x11-2.0.so.0#4  0x00007f73549db7cd in ?? () from /usr/lib/libgtk-x11-2.0.so.0#5  0x00007f7354a8a12c in gtk_widget_hide () from /usr/lib/libgtk-x11-2.0.so.0#6  0x00007f7353869bbf in g_closure_invoke () from /usr/lib/libgobject-2.0.so.0#7  0x00007f735387d7e8 in ?? () from /usr/lib/libgobject-2.0.so.0#8  0x00007f735387f245 in g_signal_emit_valist () from /usr/lib/libgobject-2.0.so.0#9  0x00007f735387f633 in g_signal_emit () from /usr/lib/libgobject-2.0.so.0#10 0x00007f7354a87fb4 in gtk_widget_size_allocate () from /usr/lib/libgtk-x11-2.0.so.0#11 0x00007f735493cba6 in ?? () from /usr/lib/libgtk-x11-2.0.so.0#12 0x00007f7353869c8c in g_closure_invoke () from /usr/lib/libgobject-2.0.so.0#13 0x00007f735387d4be in ?? () from /usr/lib/libgobject-2.0.so.0#14 0x00007f735387f245 in g_signal_emit_valist () from /usr/lib/libgobject-2.0.so.0#15 0x00007f735387f633 in g_signal_emit () from /usr/lib/libgobject-2.0.so.0#16 0x00007f7354a87fb4 in gtk_widget_size_allocate () from /usr/lib/libgtk-x11-2.0.so.0#17 0x00007f735490c0d5 in ?? () from /usr/lib/libgtk-x11-2.0.so.0#18 0x00007f7353869c8c in g_closure_invoke () from /usr/lib/libgobject-2.0.so.0#19 0x00007f735387d4be in ?? () from /usr/lib/libgobject-2.0.so.0#20 0x00007f735387f245 in g_signal_emit_valist () from /usr/lib/libgobject-2.0.so.0#21 0x00007f735387f633 in g_signal_emit () from /usr/lib/libgobject-2.0.so.0#22 0x00007f7354a87fb4 in gtk_widget_size_allocate () from /usr/lib/libgtk-x11-2.0.so.0#23 0x00007f73548a6982 in ?? () from /usr/lib/libgtk-x11-2.0.so.0#24 0x00007f7353869c8c in g_closure_invoke () from /usr/lib/libgobject-2.0.so.0#25 0x00007f735387d4be in ?? () from /usr/lib/libgobject-2.0.so.0#26 0x00007f735387f245 in g_signal_emit_valist () from /usr/lib/libgobject-2.0.so.0#27 0x00007f735387f633 in g_signal_emit () from /usr/lib/libgobject-2.0.so.0#28 0x00007f7354a87fb4 in gtk_widget_size_allocate () from /usr/lib/libgtk-x11-2.0.so.0#29 0x00007f735490c0d5 in ?? () from /usr/lib/libgtk-x11-2.0.so.0#30 0x00007f7353869c8c in g_closure_invoke () from /usr/lib/libgobject-2.0.so.0#31 0x00007f735387d4be in ?? () from /usr/lib/libgobject-2.0.so.0#32 0x00007f735387f245 in g_signal_emit_valist () from /usr/lib/libgobject-2.0.so.0#33 0x00007f735387f633 in g_signal_emit () from /usr/lib/libgobject-2.0.so.0#34 0x00007f7354a87fb4 in gtk_widget_size_allocate () from /usr/lib/libgtk-x11-2.0.so.0#35 0x00007f7354a7eda2 in ?? () from /usr/lib/libgtk-x11-2.0.so.0#36 0x00007f7353869c8c in g_closure_invoke () from /usr/lib/libgobject-2.0.so.0#37 0x00007f735387d4be in ?? () from /usr/lib/libgobject-2.0.so.0#38 0x00007f735387f245 in g_signal_emit_valist () from /usr/lib/libgobject-2.0.so.0#39 0x00007f735387f633 in g_signal_emit () from /usr/lib/libgobject-2.0.so.0#40 0x00007f7354a87fb4 in gtk_widget_size_allocate () from /usr/lib/libgtk-x11-2.0.so.0#41 0x00007f73548a6982 in ?? () from /usr/lib/libgtk-x11-2.0.so.0#42 0x00007f7353869c8c in g_closure_invoke () from /usr/lib/libgobject-2.0.so.0#43 0x00007f735387d4be in ?? () from /usr/lib/libgobject-2.0.so.0#44 0x00007f735387f245 in g_signal_emit_valist () from /usr/lib/libgobject-2.0.so.0#45 0x00007f735387f633 in g_signal_emit () from /usr/lib/libgobject-2.0.so.0#46 0x00007f7354a87fb4 in gtk_widget_size_allocate () from /usr/lib/libgtk-x11-2.0.so.0#47 0x00007f7354a975f4 in ?? () from /usr/lib/libgtk-x11-2.0.so.0---Type <return> to continue, or q <return> to quit--- #48 0x00007f7353869bbf in g_closure_invoke () from /usr/lib/libgobject-2.0.so.0#49 0x00007f735387d4be in ?? () from /usr/lib/libgobject-2.0.so.0#50 0x00007f735387f245 in g_signal_emit_valist () from /usr/lib/libgobject-2.0.so.0#51 0x00007f735387f633 in g_signal_emit () from /usr/lib/libgobject-2.0.so.0#52 0x00007f7354a87fb4 in gtk_widget_size_allocate () from /usr/lib/libgtk-x11-2.0.so.0#53 0x00007f7354a97bcc in ?? () from /usr/lib/libgtk-x11-2.0.so.0#54 0x00007f7353869bbf in g_closure_invoke () from /usr/lib/libgobject-2.0.so.0#55 0x00007f735387dbc8 in ?? () from /usr/lib/libgobject-2.0.so.0#56 0x00007f735387f245 in g_signal_emit_valist () from /usr/lib/libgobject-2.0.so.0#57 0x00007f735387f633 in g_signal_emit () from /usr/lib/libgobject-2.0.so.0#58 0x00007f73548ebd90 in ?? () from /usr/lib/libgtk-x11-2.0.so.0#59 0x00007f73545b289e in ?? () from /usr/lib/libgdk-x11-2.0.so.0#60 0x00007f7352fc9384 in g_main_context_dispatch () from /usr/lib/libglib-2.0.so.0#61 0x00007f7352fcc695 in ?? () from /usr/lib/libglib-2.0.so.0#62 0x00007f7352fccb7b in g_main_context_iteration () from /usr/lib/libglib-2.0.so.0#63 0x0000000000879cdf in ?? ()#64 0x0000000000877577 in ?? ()#65 0x0000000000429220 in ?? ()#66 0x0000000000423a0f in ?? ()#67 0x00007f73508e21c4 in __libc_start_main () from /lib/libc.so.6#68 0x0000000000422669 in ?? ()#69 0x00007fff5d942bc8 in ?? ()#70 0x0000000000000000 in ?? ()(gdb) gcoreSaved corefile core.23713(gdb) quitA debugging session is active.Inferior 1 [process 23713] will be detached.Quit anyway? (y or n) yDetaching from program: /opt/google/chrome/chrome, process 23713jbs@baoyu:~/.config$ kill 23713--------------------------------------------------------------------------I've got a copy of the offending config directory if that's helpful. 

bug id : 17
owner : pfeldman@chromium.org
bug desc : Chrome Version       : 41.0.2243.0 (Official Build) Revision 787971bc3f18153e396ba8a2089acc455ab64260-refs/heads/master@{#307202}OS : All (Aero enabled)What steps will reproduce the problem?1. Launch chrome & open devtools(as side window)2. Now open console drawer & go to emulation section.3. Resize the devtools window towards R.H.S of the page completely & observe spacing between rows in emulation section of console drawer.In emulation section of console drawer spacing between the rows is not proper.(More gap is seen between two rows)In emulation section of console drawer spacing between the rows should be proper & between two rows no gap should get observed.This is a regression issue broken in M-41.Below is the narrow bisect info :https://chromium.googlesource.com/chromium/src/+log/ab3f6b286c8babd147d640b203a18bd38502c395..ae42cbf5eb810d61d80bc27a0106a9b5cd1e2d55Below is the blink bisect info :http://build.chromium.org/f/chromium/perf/dashboard/ui/changelog_blink.html?url=%2Ftrunk&range=185377%3A185380&mode=htmlSuspecting : 185378 ? 

bug id : 18
owner : sosa@chromium.org
bug desc : Make sure we are running the exact same tests in the same way on BVT2 as BVT1.BVT2 run:http://chromeos-autotest.cbf.corp.google.com/afe/#tab_id=view_job&object_id=293BVT1 run:http://chromeos-autotest.cbf.corp.google.com/afe/#tab_id=view_job&object_id=318 

bug id : 19
owner : sosa@chromium.org
bug desc : Failure: https://uberchromegw.corp.google.com/i/chromeos/builders/x86-generic%20nightly%20chromium%20PFQ/builds/5245chromite-0.0.1-r884: ======================================================================chromite-0.0.1-r884: ERROR: testDepotTools (__main__.assertDieSysExit)chromite-0.0.1-r884: Test that the entry point used by depot_tools works.chromite-0.0.1-r884: ----------------------------------------------------------------------chromite-0.0.1-r884: Traceback (most recent call last):chromite-0.0.1-r884:   File "/usr/lib64/python2.7/site-packages/chromite/lib/timeout_util.py", line 140, in TimeoutWrapperchromite-0.0.1-r884:     func(*args, **kwargs)chromite-0.0.1-r884:   File "/usr/lib64/python2.7/site-packages/chromite/lib/timeout_util.py", line 140, in TimeoutWrapperchromite-0.0.1-r884:     func(*args, **kwargs)chromite-0.0.1-r884:   File "/build/x86-generic/tmp/portage/chromeos-base/chromite-0.0.1-r884/work/chromite-0.0.1/buildbot/cbuildbot_unittest.py", line 336, in testDepotToolschromite-0.0.1-r884:     ['cbuildbot', '--help'], cwd=constants.SOURCE_ROOT, capture_output=True)chromite-0.0.1-r884:   File "/usr/lib64/python2.7/site-packages/chromite/lib/cros_build_lib.py", line 561, in RunCommandchromite-0.0.1-r884:     raise RunCommandError(msg, cmd_result)chromite-0.0.1-r884: RunCommandError: return code: 127chromite-0.0.1-r884: ERROR: Couldn't find the chromite tool cbuildbot.chromite-0.0.1-r884: chromite-0.0.1-r884: Please change to a directory inside your Chromium OS source treechromite-0.0.1-r884: and retry.  If you need to setup a Chromium OS source tree, seechromite-0.0.1-r884:   http://www.chromium.org/chromium-os/developer-guidechromite-0.0.1-r884: chromite-0.0.1-r884: Failed command "cbuildbot --help", cwd=/build/x86-generic/tmp/portage/chromeos-base/chromite-0.0.1-r884/work, extra env=Nonechromite-0.0.1-r884: chromite-0.0.1-r884: ======================================================================chromite-0.0.1-r884: FAIL: testValidateClobberProtectRunningChromite (__main__.assertDieSysExit)chromite-0.0.1-r884: User should not be clobbering our own source.chromite-0.0.1-r884: ----------------------------------------------------------------------chromite-0.0.1-r884: Traceback (most recent call last):chromite-0.0.1-r884:   File "/usr/lib64/python2.7/site-packages/chromite/lib/timeout_util.py", line 140, in TimeoutWrapperchromite-0.0.1-r884:     func(*args, **kwargs)chromite-0.0.1-r884:   File "/build/x86-generic/tmp/portage/chromeos-base/chromite-0.0.1-r884/work/chromite-0.0.1/buildbot/cbuildbot_unittest.py", line 431, in testValidateClobberProtectRunningChromitechromite-0.0.1-r884:     self.assertDieSysExit(commands.ValidateClobber, buildroot)chromite-0.0.1-r884:   File "/build/x86-generic/tmp/portage/chromeos-base/chromite-0.0.1-r884/work/chromite-0.0.1/buildbot/cbuildbot_unittest.py", line 318, in assertDieSysExitchromite-0.0.1-r884:     self.assertRaises(cros_build_lib.DieSystemExit, *args, **kwargs)chromite-0.0.1-r884: AssertionError: DieSystemExit not raisedchromite-0.0.1-r884: chromite-0.0.1-r884: ----------------------------------------------------------------------chromite-0.0.1-r884: Ran 45 tests in 1.273schromite-0.0.1-r884: chromite-0.0.1-r884: FAILED (failures=1, errors=1) 

bug id : 20
owner : estade@chromium.org
bug desc : Chrome Version       : 4.0.203.0 (23677)OS + version : Ubuntu 9.04CPU architecture (32-bit / 64-bit): 32-bitwindow manager :metacityURLs (if applicable) :Behavior in Firefox 3.x (if applicable): normalBehavior in Chrome for Windows (optional): normalWhat steps will reproduce the problem?1.use 'top' or other cpu usage monitor tools    2.open Chomium,and type a slow responsive or non-available url,for example,http://2.3.4.5 ,hit enter.3.watch Chrome cpu usageWhat is the expected result?low cpu usage,in my case,P4 2.8C,firefox using about 3%.What happens instead?high cpu usage,over 15%,if waiting two similar sites,it will be about 30%,and so on. Please provide any additional information below. Attach a screenshotand backtrace if possible. 

bug id : 21
owner : estade@chromium.org
bug desc : Chrome Version       : Chromium 21.0.1149.0 (138477)OS version               :  Mac OS 10.6.8.Behavior in Chrome for Windows: not testedWhat steps will reproduce the problem?1. go to chrome://chrome/settings/2. switch between the History / Extensions / Settings / Help sectionWhat is the expected result?No flashing horizontal scrollbar.What happens instead?Horizontal scrollbar appears for a moment while switching.Please let me know, if you need more info or a screencast.Thanks and regardsMehmet 

bug id : 22
owner : tha...@chromium.org
bug desc : 3 net/ stacks here: http://build.chromium.org/p/chromium.memory.fyi/builders/Chromium%20Mac%20%28valgrind%29%282%29/builds/366263 media/ stacks here: http://build.chromium.org/p/chromium.memory.fyi/builders/Chromium%20Mac%20%28valgrind%29%281%29/builds/35423Top of the stack each time:UninitValueUse of uninitialised value of size 8__ultoa__vfprintfsnprintftesting::(anonymous namespace)::PrintByteSegmentInObjectTo(unsigned char const*, unsigned long, unsigned long, std::__1::basic_ostream<char, std::__1::char_traits<char> >*)testing::(anonymous namespace)::PrintBytesInObjectToImpl(unsigned char const*, unsigned long, std::__1::basic_ostream<char, std::__1::char_traits<char> >*)testing::internal2::PrintBytesInObjectTo(unsigned char const*, unsigned long, std::__1::basic_ostream<char, std::__1::char_traits<char> >*)testing::internal2::TypeWithoutFormatter<net::(anonymous namespace)::ContentTypeTestData, (testing::internal2::TypeKind)2>::PrintValue(net::(anonymous namespace)::ContentTypeTestData const&, std::__1::basic_ostream<char, std::__1::char_traits<char> >*)std::__1::basic_ostream<char, std::__1::char_traits<char> >& testing::internal2::operator<< <char, std::__1::char_traits<char>, net::(anonymous namespace)::ContentTypeTestData>(std::__1::basic_ostream<char, std::__1::char_traits<char> >&, net::(anonymous namespace)::ContentTypeTestData const&)void testing_internal::DefaultPrintNonContainerTo<net::(anonymous namespace)::ContentTypeTestData>(net::(anonymous namespace)::ContentTypeTestData const&, std::__1::basic_ostream<char, std::__1::char_traits<char> >*)void testing::internal::DefaultPrintTo<net::(anonymous namespace)::ContentTypeTestData>(char, testing::internal::bool_constant<false>, net::(anonymous namespace)::ContentTypeTestData const&, std::__1::basic_ostream<char, std::__1::char_traits<char> >*)void testing::internal::PrintTo<net::(anonymous namespace)::ContentTypeTestData>(net::(anonymous namespace)::ContentTypeTestData const&, std::__1::basic_ostream<char, std::__1::char_traits<char> >*)testing::internal::UniversalPrinter<net::(anonymous namespace)::ContentTypeTestData>::Print(net::(anonymous namespace)::ContentTypeTestData const&, std::__1::basic_ostream<char, std::__1::char_traits<char> >*)void testing::internal::UniversalPrint<net::(anonymous namespace)::ContentTypeTestData>(net::(anonymous namespace)::ContentTypeTestData const&, std::__1::basic_ostream<char, std::__1::char_traits<char> >*)testing::internal::UniversalTersePrinter<net::(anonymous namespace)::ContentTypeTestData>::Print(net::(anonymous namespace)::ContentTypeTestData const&, std::__1::basic_ostream<char, std::__1::char_traits<char> >*)std::__1::basic_string<char, std::__1::char_traits<char>, std::__1::allocator<char> > testing::PrintToString<net::(anonymous namespace)::ContentTypeTestData>(net::(anonymous namespace)::ContentTypeTestData const&)testing::internal::ParameterizedTestCaseInfo<net::(anonymous namespace)::ContentTypeTest>::RegisterTests()testing::internal::ParameterizedTestCaseRegistry::RegisterTests()testing::internal::UnitTestImpl::RegisterParameterizedTests()testing::internal::UnitTestImpl::PostFlagParsingInit()void testing::internal::InitGoogleTestImpl<char>(int*, char**)testing::InitGoogleTest(int*, char**)Possibly it's ok to just suppress this. 

bug id : 23
owner : estade@chromium.org
bug desc : Google Chrome: 7.0.522.0 (Official Build 59177) - Ubuntu 8.04Not reproducible on Windows ChromeWhat steps will reproduce the problem?1. Go to any webpage say google.com2. Click on the star icon to bookmark this page on bookmarks barWhat is the expected output? Bookmark on bookmarks bar should animate till the dialog window to create bookmark is opened and should stop animating after when bookmark is createdWhat do you see instead?Bookmark doesn't animatePlease use labels and text to provide additional information. 

bug id : 24
owner : steve...@chromium.org
bug desc : Version: M38What steps will reproduce the problem?1. Select a WiMAX network from the list of available networks2. Go to chrome://settings and select the network under "WiMAX network" https://screenshot.googleplex.com/nHYVZkXRh8What is the expected output? An additional window should open that allows you to disconnect and configure the WiMAX settings that looks like:Properties window while connected https://screenshot.googleplex.com/nSBw4OnyeKProperties window while not connected (allow you to configure) https://screenshot.googleplex.com/MsenCnYXvrWhat do you see instead?No properties window opensAdditional Notes:- This is working in M37 & M39- A properties window should also open after you manually select the network from the network icon in the bottom right yet it fails to open in M38.Link to videos demonstrating working M37 and non-working M38:https://drive.google.com/a/google.com/folderview?id=0B8jS2fcAlKANbUk3c3FJWTNodnc&usp=sharing 

bug id : 25
owner : davidjames@chromium.org
bug desc : The pfq times out when it coincides with a CQ run:https://uberchromegw.corp.google.com/i/chromeos/builders/Chrome%20PFQ%20masterThough HWtests still pass:https://uberchromegw.corp.google.com/i/chromeos/builders/daisy_spring%20nightly%20chrome%20PFQ/builds/3644 PFQ should have a more relaxed timeout, because it cannot finish in the allocated time sharing DUTs with CQ. If we can't relax the PFQ timeout, we need to give the devices CQ is using back to PFQ. If the CQ still needs these many DUTs, we need to put in a request for more springs in the lab. 

bug id : 26
owner : estade@chromium.org
bug desc : Chrome 4.0.229.0 (Official Build 30554)OS: Ubuntu (Hardy)Chrome 4.0.227.0 (r30303)ChromeOS: 0.3.20.1Preconditions:1. Have a bookmark in the Other Bookmarks folder.What steps will reproduce the problem?1. Drag bookmark from Other Bookmarks and try to drop it onto the content area.What is the expected output?Should open bookmarked page in the current tab.What do you see instead?No action. 

bug id : 27
owner : ananta@chromium.org
bug desc : Version: 32 (SVN 225607)OS: Linux (Aura)The contents of all windows other than the main browser window are squashed into the corner. The window itself is full size, but only the top left corner contains any content, and the rest is just white. Dragging the window lets you adjust the size of the white but doesn't change the size of the contents. I'm assuming this doesn't affect GTK or WinAura builds, but I haven't tested.This affects all non-browser windows, notably the developer tools when popped out, and all Chrome app windows.This is a regression in the range 225318--225607 (it was working fine yesterday).What steps will reproduce the problem?1. Open the developer tools for a web page.2. Pop it out if necessary.See attached screenshot (note the full size of the image is the size of the window). 

bug id : 28
owner : steve...@chromium.org
bug desc : Error:The variable "internal_khronos_glcts_tests" was set as a build argumentbut never appeared in a declare_args() block in any buildfile.From issue 588080:internal_khronos_glcts_tests is also not supported when building Chrome for Chrome OS with GN.This is because src/BUILD.gn depends on //gpu/khronos_glcts_support:khronos_glcts_test only when is_android || (is_linux && !is_chromeos). 

bug id : 29
owner : tha...@chromium.org
bug desc : E.g.,ASSERTION FAILED: Shorthand property id = 1170 shouldn't be inserted into DeprecatedStyleBuilder. Shorthands should be expanded at parsing time.09:31:56.973 3012   !isExpandedShorthand(property)09:31:56.973 3012   Backtrace:09:31:56.973 3012   WebCore::DeprecatedStyleBuilder::setPropertyHandler [0x12873215+165] (c:\b\build\slave\webkit-win-latest-dbg\build\src\third_party\webkit\source\core\css\deprecatedstylebuilder.h:86)09:31:56.973 3012   WebCore::DeprecatedStyleBuilder::DeprecatedStyleBuilder [0x1287262B+1771] (c:\b\build\slave\webkit-win-latest-dbg\build\src\third_party\webkit\source\core\css\deprecatedstylebuilder.cpp:2086)09:31:56.973 3012   WebCore::DeprecatedStyleBuilder::sharedStyleBuilder [0x12871ECC+124] (c:\b\build\slave\webkit-win-latest-dbg\build\src\third_party\webkit\source\core\css\deprecatedstylebuilder.cpp:2013)09:31:56.973 3012   WebCore::StyleResolver::StyleResolver [0x11DC6DE5+325] (c:\b\build\slave\webkit-win-latest-dbg\build\src\third_party\webkit\source\core\css\resolver\styleresolver.cpp:231)09:31:56.973 3012   WebCore::Document::createStyleResolver [0x1292CBF6+150] (c:\b\build\slave\webkit-win-latest-dbg\build\src\third_party\webkit\source\core\dom\document.cpp:1826)http://build.chromium.org/p/chromium.webkit/builders/WebKit%20Win7%20%28dbg%29%282%29/builds/3484/steps/webkit_tests/logs/stdio 

bug id : 30
owner : estade@chromium.org
bug desc : Build: 11.0.672.0I can reproduce this issue on Win/Linux/CROS.-Go to Wrench/Options (Don't move the mouse after clicking on 'Options' )Issue:Looks like there is a delay while displaying the left pane.Most of the time, we need to wait for 30 to 60 sec + you have to do mouse hover over around the left pane area space. (If you miss the mouse hover, then you never get the left pane which is ugly). Screenshot attached.PS: Looks like we regressed here after fixing the issue crosbug.com/11817 ??. Marking this as Beta Blocker. 

bug id : 31
owner : a...@chromium.org
bug desc : With --site-per-process:1. Navigate to a page with a same-site iframe.2. Navigate the iframe cross-site.3. Execute alert("foo") from the subframe.4. Execute alert("bar") from the top-level frame.Both steps 3 and 4 fail with OOPIF and the alert is not shown.  Even if you navigate the subframe back to the parent's site, window.alert does not work ever again in the subframe or in the top-level frame. 

bug id : 32
owner : pfeldman@chromium.org
bug desc : Product: ChromeStack Signature: `anonymous namespace'::PureCall()-654EF80New Signature Label: `anonymous namespace'::PureCall()New Signature Hash: a3bc5fa2_c8d3351a_df3cdbbf_1a976488_1e6365a2Report link: http://go/crash/reportdetail?reportid=67510850df87d894Meta information:Product Name: ChromeProduct Version: 30.0.1579.0Report ID: 67510850df87d894Report Time: 2013/07/29 10:26:04, MonUptime: 1680 secCumulative Uptime: 0 secOS Name: Windows NTOS Version: 6.2.9200 CPU Architecture: x86CPU Info: GenuineIntel family 6 model 42 stepping 7Thread 0 *CRASHED* ( EXCEPTION_BREAKPOINT @ 0x5ef6df41 )0x5ef6df41 [chrome.dll] - startup_helper_win.cc:24]`anonymous namespace'::PureCall()0x5f8a82fd [chrome.dll] - purevirt.c:47]_purecall0x5fa14858 [chrome.dll] - devtools_adb_bridge.cc:1023]DevToolsAdbBridge::ReceivedPages(int,std::vector<scoped_refptr<DevToolsAdbBridge::RemotePage>,std::allocator<scoped_refptr<DevToolsAdbBridge::RemotePage> > > *)0x5e23374a [chrome.dll] - bind_internal.h:1316]base::internal::Invoker<1,base::internal::BindState<base::internal::RunnableAdapter<void ( remoting::protocol::JingleSession::*)(remoting::IqRequest *,buzz::XmlElement const *)>,void (remoting::protocol::JingleSession *,remoting::IqRequest *,buzz::XmlElement const *),void (base::internal::UnretainedWrapper<remoting::protocol::JingleSession>)>,void (remoting::protocol::JingleSession *,remoting::IqRequest *,buzz::XmlElement const *)>::Run(base::internal::BindStateBase *,remoting::IqRequest * const &,buzz::XmlElement const * const &)0x5fa10da0 [chrome.dll] - devtools_adb_bridge.cc:353]`anonymous namespace'::AdbPagesCommand::Respond()0x5decaa9e [chrome.dll] - message_loop.cc:478]base::MessageLoop::RunTask(base::PendingTask const &)0x5deca7db [chrome.dll] - message_loop.cc:604]base::MessageLoop::DoWork()0x5e190a32 [chrome.dll] - message_pump_win.cc:243]base::MessagePumpForUI::DoRunLoop()0x5deca412 [chrome.dll] - message_loop.cc:427]base::MessageLoop::RunInternal()0x5deca37d [chrome.dll] - run_loop.cc:45]base::RunLoop::Run()0x5e3f69eb [chrome.dll] - chrome_browser_main.cc:1657]ChromeBrowserMainParts::MainMessageLoopRun(int *)0x5e3f6a04 [chrome.dll] - chrome_browser_main.cc:1661]ChromeBrowserMainParts::MainMessageLoopRun(int *)0x5e3f68e5 [chrome.dll] - browser_main_loop.cc:624]content::BrowserMainLoop::RunMainMessageLoopParts()0x5e3f68af [chrome.dll] - browser_main_runner.cc:118]content::BrowserMainRunnerImpl::Run()0x5e128ef8 [chrome.dll] - browser_main.cc:26]content::BrowserMain(content::MainFunctionParams const &)0x5debc12f [chrome.dll] - content_main_runner.cc:445]content::RunNamedProcessTypeMain(std::basic_string<char,std::char_traits<char>,std::allocator<char> > const &,content::MainFunctionParams const &,content::ContentMainDelegate *)0x5debc0b6 [chrome.dll] - content_main_runner.cc:765]content::ContentMainRunnerImpl::Run()0x5deaad5f [chrome.dll] - content_main.cc:35]content::ContentMain(HINSTANCE__ *,sandbox::SandboxInterfaceInfo *,content::ContentMainDelegate *)0x5deaaa51 [chrome.dll] - chrome_main.cc:28]ChromeMain0x00fe555f [chrome.exe] - client_util.cc:188]MainDllLoader::Launch(HINSTANCE__ *,sandbox::SandboxInterfaceInfo *)0x00fe844b [chrome.exe] - chrome_exe_main_win.cc:48]`anonymous namespace'::RunChrome(HINSTANCE__ *)0x00fe84c8 [chrome.exe] - chrome_exe_main_win.cc:115]wWinMain0x01006f4c [chrome.exe] - crt0.c:275]__tmainCRTStartup0x74fb850c [kernel32.dll] + 0x0002850c]0x7789aa68 [ntdll.dll] + 0x0005aa68]0x7789aa3b [ntdll.dll] + 0x0005aa3b]top 20 crash in canary pls look asap. 

bug id : 33
owner : davidjames@chromium.org
bug desc : Maybe related to gsutil roll -> https://chromereviews.googleplex.com/9898014Log snippet:************************************************************** Start Stage Archive - 04:56:11** ** Archives build and test artifacts for developer consumption.** **   Attributes:**     release_tag: The release tag. E.g. 2981.0.0**     version: The full version string, including the milestone.**         E.g. R26-2981.0.0-b123************************************************************04:56:11: INFO: RunCommand: 'cros_sdk' 'PARALLEL_EMERGE_STATUS_FILE=/home/chrome-bot/trunk/chroot/tmp/tmpo6G0bL' 'NUM_JOBS=12' '--' './cros_generate_breakpad_symbols' '--board=lumpy' in /b/cbuild/shared_internal05:15:48: INFO: RunCommand: 'sudo' '-n' 'CROS_CACHEDIR=/b/cbuild/shared_internal/.cache' 'CROS_SUDO_KEEP_ALIVE=unknown' '--' 'chown' '1001' '/b/cbuild/shared_internal/buildbot_archive/lumpy-release/R30-4537.57.0/debug.tgz'04:56:11: INFO: RunCommand: 'cros_sdk' 'USE=chrome_internal chrome_pdf -cros-debug -highdpi' 'PARALLEL_EMERGE_STATUS_FILE=/home/chrome-bot/trunk/chroot/tmp/tmpNMHikS' '--' './mod_image_for_recovery.sh' '--board=lumpy' '--image=/home/chrome-bot/trunk/src/build/images/lumpy/latest-cbuildbot/chromiumos_base_image.bin' in /b/cbuild/shared_internal05:04:32: INFO: RunCommand: 'cros_sdk' 'USE=chrome_internal chrome_pdf -cros-debug -highdpi' 'PARALLEL_EMERGE_STATUS_FILE=/home/chrome-bot/trunk/chroot/tmp/tmpw5xs0v' '--' './build_image' '--board=lumpy' '--replace' '--noenable_rootfs_verification' '--symlink=factory_test' '--build_attempt=2' 'factory_test' in /b/cbuild/shared_internal05:24:47: INFO: RunCommand: 'cros_sdk' 'USE=chrome_internal chrome_pdf -cros-debug -highdpi' 'PARALLEL_EMERGE_STATUS_FILE=/home/chrome-bot/trunk/chroot/tmp/tmp1blDpP' '--' './build_image' '--board=lumpy' '--replace' '--symlink=factory_shim' '--build_attempt=3' 'factory_install' in /b/cbuild/shared_internal05:27:34: INFO: RunCommand: 'cros_sdk' 'PARALLEL_EMERGE_STATUS_FILE=/home/chrome-bot/trunk/chroot/tmp/tmpYVy7IG' '--' './make_netboot.sh' '--board=lumpy' '--image_dir=/home/chrome-bot/trunk/src/build/images/lumpy/factory_shim' in /b/cbuild/shared_internal05:28:43: INFO: RunCommand: 'zip' '-r' '/b/cbuild/shared_internal/buildbot_archive/lumpy-release/R30-4537.57.0/factory_image.zip' '.' '--include' 'hwid/*' '--include' 'factory_shim/*factory_install*.bin' '--include' 'factory_shim/*partition*' '--include' 'factory_shim/netboot/*' '--include' 'factory_test/*factory_image*.bin' '--include' 'factory_test/*partition*' '--exclude' 'factory_test/hwid/*' '--include' 'factory_setup/*' '--include' 'shopfloor/*' in /tmp/cbuildbot-tmpiWZ6cg/cbuildbot_factoryWcyBfs05:04:32: INFO: Archiving full autotest tarball locally ...05:09:03: INFO: RunCommand: '/b/cbuild/shared_internal/src/scripts/archive_hwqual' '--from' '/b/cbuild/shared_internal/buildbot_archive/lumpy-release/R30-4537.57.0' '--image_dir' '/b/cbuild/shared_internal/src/build/images/lumpy/latest-cbuildbot' '--output_tag' 'chromeos-hwqual-lumpy-R30-4537.57.0'05:04:32: INFO: RunCommand: 'zip' '/b/cbuild/shared_internal/buildbot_archive/lumpy-release/R30-4537.57.0/image.zip' '-r' '.' in /b/cbuild/shared_internal/src/build/images/lumpy/latest-cbuildbot05:35:39: INFO: RunCommand: './pushimage' '--board=lumpy' '--branch=master' 'gs://chromeos-image-archive/lumpy-release/R30-4537.57.0' in /b/cbuild/shared_internal/crostoolspushimage: Unable to find gsutil executable!04:56:11: INFO: RunCommand: 'cros_sdk' '--' 'strip_package' '--board' 'lumpy' 'chromeos-chrome' in /b/cbuild/shared_internal[11/Sep/2013:04:56:15] BUILD Filtering install mask from chromeos-base/chromeos-chrome-30.0.1599.38_rc-r1pbzip2: *WARNING: Trailing garbage after EOF ignored!Attempting to fix binhostFinishedFull log:http://chromegw.corp.google.com/i/chromiumos.release/builders/lumpy%20full%20release-R30-4537.B/builds/52/steps/Archive/logs/stdio 

bug id : 34
owner : tkent@chromium.org
bug desc : UserAgent: Mozilla/5.0 (X11; Linux x86_64) AppleWebKit/537.36 (KHTML, like Gecko) Chrome/30.0.1594.2 Safari/537.36Steps to reproduce the problem:1.Go to----chrome://settings/startup and set 8/9 pages as start-up page.2.With the focus on the last "enter url" editbox try to move up using "Arrow-up" key.3.While navigating up,make sure that "Arrow-up" key is pressed continuously.(Key is not released)What is the expected behavior?With "Arrow-up" key pressed and not released,the mouse focus should move up and down through "Enter url" editbox  using "Arrow-up/down" key.What went wrong?When "Arrow-up" key is pressed and not released,mouse is loosing focus from "Enter-url" editbox after navigating few pages up.(Unable to navigate up/down using arrow-up/down key thereafter).Did this work before? Yes Chrome version: 30.0.1594.2  Channel: devOS Version: Ubuntu 12.04Flash Version: Shockwave Flash 11.8 r800 

bug id : 35
owner : steve...@chromium.org
bug desc : This has been the top crasher on ChromeOS for at least the past couple canary builds.Product: Chrome_ChromeOSVersion: 19.0.1084.5Signature: ebd520c2_65ae007b_ca3cc30c_12caf7c4_d87ffd39Link: http://go/crash/reportviewproduct=Chrome_ChromeOS&version=19.0.1084.5&signature=ebd520c2_65ae007b_ca3cc30c_12caf7c4_d87ffd39&newsig=Callstack:0x7f6852c29e65 [libc-2.11.1.so - ../nptl/sysdeps/unix/sysv/linux/raise.c:64]raise0x7f6852c2b2c6 [libc-2.11.1.so - abort.c:92]abort0x7f68534aa31c [libstdc++.so.6.0.16 + 0x000c031c]0x7f68534a8285 [libstdc++.so.6.0.16 + 0x000be285]0x7f68534a82b2 [libstdc++.so.6.0.16 + 0x000be2b2]0x7f68534a8dae [libstdc++.so.6.0.16 + 0x000bedae]0x7f685731cd1d [chrome - chrome/browser/chromeos/cros/network_library_impl_base.cc:1561]chromeos::NetworkLibraryImplBase::SignalNetworkManagerObservers0x7f685731a75f [chrome - chrome/browser/chromeos/cros/network_library_impl_base.cc:1548]chromeos::NetworkLibraryImplBase::NotifyNetworkManagerChanged0x7f68571aa80f [chrome - chrome/browser/chromeos/cros/network_library_impl_base.cc:1166]chromeos::NetworkLibraryImplBase::LoadOncNetworks0x7f68571a99ad [chrome - chrome/browser/policy/network_configuration_updater.cc:73]policy::NetworkConfigurationUpdater::ApplyNetworkConfiguration0x7f68571a9065 [chrome - chrome/browser/policy/network_configuration_updater.cc:46]policy::NetworkConfigurationUpdater::Update0x7f685736d099 [chrome - chrome/browser/policy/configuration_policy_provider.cc:142]policy::ConfigurationPolicyObserverRegistrar::OnUpdatePolicy0x7f68571a67ba [chrome - chrome/browser/policy/configuration_policy_provider.cc:109]policy::ConfigurationPolicyProvider::NotifyPolicyUpdated0x7f68571a6486 [chrome - chrome/browser/policy/cloud_policy_provider_impl.cc:102]policy::CloudPolicyProviderImpl::RecombineCachesAndTriggerUpdate0x7f685546c11a [chrome - chrome/browser/policy/cloud_policy_cache_base.cc:28]policy::CloudPolicyCacheBase::~CloudPolicyCacheBase0x7f68550d1178 [chrome - chrome/browser/policy/user_policy_cache.cc:39]policy::UserPolicyCache::~UserPolicyCache0x7f68550c3efd [chrome - ./base/memory/scoped_ptr.h:160]policy::CloudPolicySubsystem::Shutdown0x7f68550c2cb5 [chrome - chrome/browser/policy/browser_policy_connector.cc:104]policy::BrowserPolicyConnector::~BrowserPolicyConnector0x7f68550c2f08 [chrome - chrome/browser/policy/browser_policy_connector.cc:108]policy::BrowserPolicyConnector::~BrowserPolicyConnector0x7f68555d261a [chrome - ./base/memory/scoped_ptr.h:160]BrowserProcessImpl::StartTearDown0x7f68552ea0ba [chrome - chrome/browser/chrome_browser_main.cc:1902]ChromeBrowserMainParts::PostMainMessageLoopRun0x7f685502a3ab [chrome - chrome/browser/chromeos/chrome_browser_main_chromeos.cc:504]ChromeBrowserMainPartsChromeos::PostMainMessageLoopRun0x7f6856812c41 [chrome - content/browser/browser_main_loop.cc:470]content::BrowserMainLoop::ShutdownThreadsAndCleanUp0x7f6856813248 [chrome - content/browser/browser_main_runner.cc:104]BrowserMainRunnerImpl::Shutdown0x7f685715c913 [chrome - content/browser/browser_main.cc:23]BrowserMain0x7f6855709346 [chrome - content/app/content_main_runner.cc:282]ContentMainRunnerImpl::Run0x7f6857153580 [chrome - content/app/content_main.cc:35]content::ContentMain0x7f6857153477 [chrome - chrome/app/chrome_main.cc:32]ChromeMain 

bug id : 36
owner : sky@chromium.org
bug desc : new crash stack from automated-ui-tests experiment.http://chromebot.corp.google.com/buildsummary?id=ui_buildbot_44116_testseveral instances at different ui action sequences:SetUp,downloads,downloads,showbookmarks,newtab,dragtabout,downloads,newtab,newtab,newtab,navigate,navigate,back,dragtabout,forward,navigate,newtab,newtab,newtab,navigate,pagedown,navigate,newtab,dragtableft,closetab,star,zoomminus,showbookmarks,zoomplus,pagedown,dragtableft -SetUp,downloads,dragtableft,dragtabout,newtab,downloads,closetab,showbookmarks,openwindow,goofftherecord,showbookmarks,closetab,closetab,closetab,newtab,downloads,newtab,navigate,newtab,downloads,newtab,showbookmarks,newtab,navigate,showbookmarks,dragtableft,pagedown,dragtabright -SetUp,downloads,newtab,dragtabout,downloads,navigate,zoomminus,pagedown,openwindow,showbookmarks,downloads,closetab,showbookmarks,showbookmarks,goofftherecord,navigate,back,navigate,back,newtab,showbookmarks,showbookmarks,newtab,navigate,showbookmarks,showbookmarks,zoomplus,zoomplus,pagedown,dragtableft -SetUp,navigate,back,forward,newtab,goofftherecord,goofftherecord,closetab,closetab,navigate,dragtabout,navigate,navigate,back,star,newtab,showbookmarks,showbookmarks,closetab,newtab,newtab,navigate,zoomminus,pagedown,star,pagedown,dragtableft -SetUp,navigate,back,newtab,goofftherecord,newtab,newtab,navigate,pagedown,dragtableft -SetUp,navigate,back,newtab,showbookmarks,showbookmarks,downloads,goofftherecord,showbookmarks,newtab,dragtabout,navigate,star,newtab,dragtableft,showbookmarks,showbookmarks,navigate,pagedown,zoomminus,back,dragtabright -SetUp,navigate,goofftherecord,newtab,dragtableft,goofftherecord,openwindow,newtab,dragtableft,navigate,pagedown,dragtabright -SetUp,navigate,navigate,zoomplus,showbookmarks,zoomplus,newtab,navigate,dragtabout,pagedown,openwindow,openwindow,navigate,closetab,downloads,dragtableft,navigate,newtab,goofftherecord,closetab,dragtabout,closetab,closetab,newtab,newtab,downloads,navigate,pagedown,dragtableft -SetUp,navigate,newtab,dragtabout,showbookmarks,newtab,navigate,newtab,navigate,pagedown,back,newtab,navigate,zoomminus,zoomminus,navigate,closetab,newtab,closetab,dragtableft,newtab,closetab,newtab,navigate,pagedown,dragtableft -SetUp,navigate,newtab,navigate,back,navigate,newtab,newtab,navigate,showbookmarks,newtab,dragtabout,navigate,navigate,zoomplus,goofftherecord,goofftherecord,newtab,newtab,navigate,back,newtab,showbookmarks,newtab,downloads,newtab,showbookmarks,navigate,pagedown,dragtableft -SetUp,navigate,newtab,showbookmarks,navigate,newtab,dragtabout,navigate,pagedown,back,newtab,newtab,closetab,navigate,pagedown,dragtableft -SetUp,newtab,closetab,navigate,back,navigate,downloads,newtab,goofftherecord,openwindow,closetab,closetab,downloads,navigate,back,navigate,back,goofftherecord,showbookmarks,newtab,newtab,downloads,closetab,navigate,back,closetab,newtab,navigate,showbookmarks,pagedown,dragtableft -SetUp,newtab,dragtabout,navigate,back,showbookmarks,forward,newtab,dragtabout,navigate,navigate,downloads,showbookmarks,goofftherecord,closetab,dragtableft,goofftherecord,openwindow,newtab,showbookmarks,navigate,newtab,closetab,back,forward,zoomplus,newtab,navigate,pagedown,dragtableft -SetUp,newtab,newtab,dragtabout,newtab,dragtabout,closetab,showbookmarks,showbookmarks,navigate,openwindow,openwindow,openwindow,newtab,newtab,newtab,navigate,openwindow,goofftherecord,newtab,navigate,newtab,navigate,pagedown,dragtableft -SetUp,openwindow,navigate,openwindow,navigate,newtab,navigate,dragtabout,openwindow,newtab,downloads,showbookmarks,navigate,newtab,showbookmarks,navigate,pagedown,dragtableft - SetUp,openwindow,newtab,navigate,back,dragtableft,newtab,navigate,goofftherecord,goofftherecord,showbookmarks,closetab,openwindow,navigate,back,forward,downloads,navigate,openwindow,showbookmarks,newtab,newtab,navigate,goofftherecord,newtab,newtab,navigate,pagedown,zoomplus,dragtableft - 

bug id : 37
owner : sky@chromium.org
bug desc : Google Chrome22.0.1222.0 (Official Build 149137) canaryPlatform2695.0.0 (Official Build) canary-channel linkWhat steps will reproduce the problem?1. Touch on a tab with a touchscreen2. Drag it to a new location3. ReleaseWhat is the expected output? What do you see instead?Expect it to stay in the position I released it.  Instead it always jumps back to where it started from.  Using mouse it works fine. 

bug id : 38
owner : a...@chromium.org
bug desc : Chrome Version       : <3.0.184 (184.0)>URLs (if applicable) :OS version               : <OSX 10.5.7>UI glitch: push buttons caps are flipped vertically. as I have my system themed, that's more visible (see attachment)the same buttons are drawn correctly by Safary and firefox and anywhere else in the system, so it must be something within Chromiumk. 

bug id : 39
owner : tkent@chromium.org
bug desc : UserAgent: Mozilla/5.0 (X11; Linux x86_64) AppleWebKit/537.36 (KHTML, like Gecko) Chrome/30.0.1575.2 Safari/537.36Steps to reproduce the problem:Steps to Repro:1.Go to chrome://settings>>Privacy2.Select "Use a web service to help resolve spelling errors" or "Send a Do Not Track request with your browsing traffic" checkboxes.3.Observe the "Learn more" hyperlink on the overlayWhat is the expected behavior?"Learn more" hyperlink should be displayedWhat went wrong?"Learn more" hyperlink is displayed with Grey borderDid this work before? N/A Chrome version: 30.0.1575.2  Channel: devOS Version: 12.04Flash Version: Shockwave Flash 11.8 r800 

bug id : 40
owner : tkent@chromium.org
bug desc : Chrome Version: 47.0.2526.68 Revision 8432ad319c26d725924e0e1c970214e700408458-refs/branch-heads/2526@{#446} 64 Bit.OS: MacSteps: 1. Launch chrome and navigate to https://www.shadertoy.com/view/XsXSDl2. Observe the UI font selector dropdown text.Actual: Text on the dropdown appear chopped.Expected: Text on the dropdown should be properly seen.This is a non-regression issue seen from M-30 build no. 30.0.1549.0Note: 1.Issue is not seen in other browser like Firefox 2. The same is not reproducible in windows OS. 

bug id : 41
owner : pfeldman@chromium.org
bug desc : Scenario:- Modify the CSS file- Save it- Close front-end- Re-open front-endExpected: revisions are restored, file is selectedActual: current revision of the last selected file is not restored, nothing is opened in the UI.One-liner, fixed upstream as: http://trac.webkit.org/changeset/113336 

bug id : 42
owner : tha...@chromium.org
bug desc : What steps will reproduce the problem?1. Go to a page that triggers the compositor, e.g. http://webkit.org/blog/386/3d-transforms/2. Go to about:crash3. Hit "Reload"What is the expected result?Page should reload and display Just Fine after 3.What happens instead?Page isn't redrawn, the console logs[45514:519:1298459367407781:FATAL:/Volumes/MacintoshHD2/src/chrome-git/src/ipc/ipc_channel_posix.cc(109)] Check failed: i == map_.end(). Creating second IPC server (fd 14) for '45514.r1' while first (fd 13) still existsBacktrace:0   Chromium Framework                  0x00bcb9e0 StackTrace::StackTrace() + 321   Chromium Framework                  0x00beb221 logging::LogMessage::~LogMessage() + 632   Chromium Framework                  0x0169c786 IPC::(anonymous namespace)::PipeMap::Insert(std::string const&, int) + 6443   Chromium Framework                  0x0169c7d9 IPC::AddChannelSocket(std::string const&, int) + 254   Chromium Framework                  0x00a77033 GpuChannel::Init() + 1035   Chromium Framework                  0x00a7f06e GpuThread::OnEstablishChannel(int) + 4366   Chromium Framework                  0x00a7f617 void DispatchToMethod<GpuThread, void (GpuThread::*)(int), int>(GpuThread*, void (GpuThread::*)(int), Tuple1<int> const&) + 657   Chromium Framework                  0x00a80b28 bool IPC::MessageWithTuple<Tuple1<int> >::Dispatch<GpuThread, void (GpuThread::*)(int)>(IPC::Message const*, GpuThread*, void (GpuThread::*)(int)) + 718   Chromium Framework                  0x00a7f26a GpuThread::OnControlMessageReceived(IPC::Message const&) + 1549   Chromium Framework                  0x00125bc6 ChildThread::OnMessageReceived(IPC::Message const&) + 45210  Chromium Framework                  0x016a0822 IPC::ChannelProxy::Context::OnDispatchMessage(IPC::Message const&) + 14411  Chromium Framework                  0x016a1820 void DispatchToMethod<IPC::ChannelProxy::Context, void (IPC::ChannelProxy::Context::*)(IPC::Message const&), IPC::Message>(IPC::ChannelProxy::Context*, void (IPC::ChannelProxy::Context::*)(IPC::Message const&), Tuple1<IPC::Message> const&) + 6312  Chromium Framework                  0x016a185b RunnableMethod<IPC::ChannelProxy::Context, void (IPC::ChannelProxy::Context::*)(IPC::Message const&), Tuple1<IPC::Message> >::Run() + 5713  Chromium Framework                  0x00bf14ff MessageLoop::RunTask(Task*) + 31514  Chromium Framework                  0x00bf15af MessageLoop::DeferOrRunPendingTask(MessageLoop::PendingTask const&) + 5315  Chromium Framework                  0x00bf183f MessageLoop::DoWork() + 25316  Chromium Framework                  0x00c51030 base::MessagePumpCFRunLoopBase::RunWork() + 7417  Chromium Framework                  0x00c51075 base::MessagePumpCFRunLoopBase::RunWorkSource(void*) + 2318  CoreFoundation                      0x9546e0fb __CFRunLoopDoSources0 + 156319  CoreFoundation                      0x9546bbbf __CFRunLoopRun + 107120  CoreFoundation                      0x9546b094 CFRunLoopRunSpecific + 45221  CoreFoundation                      0x9546aec1 CFRunLoopRunInMode + 9722  HIToolbox                           0x94b60f9c RunCurrentEventLoopInMode + 39223  HIToolbox                           0x94b60d51 ReceiveNextEventCommon + 35424  HIToolbox                           0x94b60bd6 BlockUntilNextEventMatchingListInMode + 8125  AppKit                              0x9350ba89 _DPSNextEvent + 84726  AppKit                              0x9350b2ca -[NSApplication nextEventMatchingMask:untilDate:inMode:dequeue:] + 15627  AppKit                              0x934cd55b -[NSApplication run] + 82128  Chromium Framework                  0x00c50b72 base::MessagePumpNSApplication::DoRun(base::MessagePump::Delegate*) + 13029  Chromium Framework                  0x00c51161 base::MessagePumpCFRunLoopBase::Run(base::MessagePump::Delegate*) + 17530  Chromium Framework                  0x00bf204a MessageLoop::RunInternal() + 21231  Chromium Framework                  0x00bf2065 MessageLoop::RunHandler() + 1732  Chromium Framework                  0x00bf20c9 MessageLoop::Run() + 3533  Chromium Framework                  0x00a7e6e8 GpuMain(MainFunctionParams const&) + 36134  Chromium Framework                  0x00008990 ChromeMain + 486135  Chromium Helper                     0x00001f52 main + 2436  Chromium Helper                     0x00001f0e start + 54Works fine on windows. Didn't test linux. 

bug id : 43
owner : estade@chromium.org
bug desc : Chrome Version       : Linux 4.0.249.43, Windows 4.0.295.0What steps will reproduce the problem?1. Install any extension with a page action.2. Open the page action pop-up in Linux Chrome and in Windows ChromeWhat is the expected result?The pop-ups should look identical.What happens instead?In Linux, there's a ~7px padding around the pop-up contents. In Windows, there's ~2px of padding. 

bug id : 44
owner : tkent@chromium.org
bug desc : Chrome Version       : any; my: 6.0.408.1URLs (if applicable) :Other browsers tested:Add OK or FAIL after other browsers where you have tested this issue:     Safari 4:FAIL  Firefox 3.x:OK         IE 7:FAIL         IE 8:FAIL        Opera:FAILWhat steps will reproduce the problem?1.Create a simple HTML with <select> tag.2.Add a <option> child to it with some font-styling (in my example I wanted the text to be bold).What is the expected result?Expected is to see bold text.What happens instead?Text remains unchanged.Please provide any additional information below. Attach a screenshot ifpossible.I found out that the text can be colored differently but all font-* don't have any effect at all.The same technique is used in phpBB3 admin panel when editing style. File sections should be bold but they aren't.Attached is comparison between Firefox and Chrome as well as the example html used. 

bug id : 45
owner : tkent@chromium.org
bug desc : This crash : https://crash.corp.google.com/reportdetail?reportid=0c34731e023dfbed, has been found by the last SyzyASAN Canary (28.0.1490.1). We've seen it 1 time.Error type: read of size 40x0012d6fc    +0x000 alloc_stack      : [62] 0x1020d3a7 Void   +0x0f8 alloc_stack_size : 0x39 '9'   +0x0fc free_stack       : [62] 0x1020dc88 Void   +0x1f4 free_stack_size  : 0x39 '9'   +0x1f8 error_type       : 1 ( USE_AFTER_FREE )   +0x1fc shadow_info      : [128]  "0x08B71AF3 is located 779 bytes inside of 768-bytes region [0x08B717E8,0x08B71AE8)."Stack trace of the crash:chrome!WebCore::FormController::createSavedFormStateMap+0x83 [c:\b\build\slave\win-asan\build\src\third_party\webkit\source\core\html\formcontroller.cpp @ 403]chrome!WebCore::FormController::formElementsState+0x17 [c:\b\build\slave\win-asan\build\src\third_party\webkit\source\core\html\formcontroller.cpp @ 416]chrome!WebCore::HistoryController::saveDocumentState+0x8f [c:\b\build\slave\win-asan\build\src\third_party\webkit\source\core\loader\historycontroller.cpp @ 158]chrome!WebCore::HistoryController::createItemTree+0x72 [c:\b\build\slave\win-asan\build\src\third_party\webkit\source\core\loader\historycontroller.cpp @ 593]chrome!WebCore::HistoryController::pushState+0x2c [c:\b\build\slave\win-asan\build\src\third_party\webkit\source\core\loader\historycontroller.cpp @ 760]chrome!WebCore::History::stateObjectAdded+0x87 [c:\b\build\slave\win-asan\build\src\third_party\webkit\source\core\page\history.cpp @ 151]chrome!WebCore::V8History::pushStateMethodCustom+0x31f [c:\b\build\slave\win-asan\build\src\third_party\webkit\source\bindings\v8\custom\v8historycustom.cpp @ 72]chrome!WebCore::HistoryV8Internal::pushStateMethodCallback+0x12 [c:\b\build\slave\win-asan\build\src\build\release\obj\global_intermediate\webcore\bindings\v8history.cpp @ 260]chrome!v8::internal::HandleApiCallHelper<0>+0x1c8 [c:\b\build\slave\win-asan\build\src\v8\src\builtins.cc @ 1327]chrome!v8::internal::Builtin_HandleApiCall+0x17 [c:\b\build\slave\win-asan\build\src\v8\src\builtins.cc @ 1345]Allocation stack trace:asan_rtl!agent::asan::HeapProxy::Alloc+0xe7 [e:\b\build\slave\syzygy_official\build\src\syzygy\agent\asan\asan_heap.cc @ 191]asan_rtl!asan_HeapAlloc+0xa7 [e:\b\build\slave\syzygy_official\build\src\syzygy\agent\asan\asan_rtl_impl.cc @ 100]chrome!generic_cpp_alloc+0x13 [c:\b\build\slave\win-asan\build\src\base\allocator\generic_allocators.cc @ 16]chrome!std::vector<unsigned char,std::allocator<unsigned char> >::_Reserve+0x4d [c:\program files (x86)\microsoft visual studio 10.0\vc\include\vector @ 1298]chrome!std::vector<unsigned char,std::allocator<unsigned char> >::resize+0x48 [c:\program files (x86)\microsoft visual studio 10.0\vc\include\vector @ 864]chrome!skia::BGRAConvolve2D+0x79 [c:\b\build\slave\win-asan\build\src\skia\ext\convolver.cc @ 417]chrome!skia::ImageOperations::ResizeBasic+0x323 [c:\b\build\slave\win-asan\build\src\skia\ext\image_operations.cc @ 523]chrome!WebCore::NativeImageSkia::resizedBitmap+0x100 [c:\b\build\slave\win-asan\build\src\third_party\webkit\source\core\platform\graphics\skia\nativeimageskia.cpp @ 97]chrome!WebCore::extractScaledImageFragment+0x1ef [c:\b\build\slave\win-asan\build\src\third_party\webkit\source\core\platform\graphics\skia\imageskia.cpp @ 283]chrome!WebCore::drawResampledBitmap+0x1db [c:\b\build\slave\win-asan\build\src\third_party\webkit\source\core\platform\graphics\skia\imageskia.cpp @ 322]chrome!WebCore::paintSkBitmap+0x358 [c:\b\build\slave\win-asan\build\src\third_party\webkit\source\core\platform\graphics\skia\imageskia.cpp @ 390]chrome!WebCore::BitmapImage::draw+0x265 [c:\b\build\slave\win-asan\build\src\third_party\webkit\source\core\platform\graphics\skia\imageskia.cpp @ 657]chrome!WebCore::BitmapImage::draw+0x24 [c:\b\build\slave\win-asan\build\src\third_party\webkit\source\core\platform\graphics\skia\imageskia.cpp @ 610]chrome!WebCore::Image::drawTiled+0x1e1 [c:\b\build\slave\win-asan\build\src\third_party\webkit\source\core\platform\graphics\image.cpp @ 136]chrome!WebCore::GraphicsContext::drawTiledImage+0x10e [c:\b\build\slave\win-asan\build\src\third_party\webkit\source\core\platform\graphics\graphicscontext.cpp @ 993]chrome!WebCore::RenderBoxModelObject::paintFillLayerExtended+0xf4d [c:\b\build\slave\win-asan\build\src\third_party\webkit\source\core\rendering\renderboxmodelobject.cpp @ 757]chrome!WebCore::RenderBox::paintFillLayers+0x15f [c:\b\build\slave\win-asan\build\src\third_party\webkit\source\core\rendering\renderbox.cpp @ 1376]chrome!WebCore::RenderBox::paintBackground+0x7e [c:\b\build\slave\win-asan\build\src\third_party\webkit\source\core\rendering\renderbox.cpp @ 1139]chrome!WebCore::RenderBox::paintBoxDecorations+0x169 [c:\b\build\slave\win-asan\build\src\third_party\webkit\source\core\rendering\renderbox.cpp @ 1115]chrome!WebCore::RenderBlock::paintObject+0x45 [c:\b\build\slave\win-asan\build\src\third_party\webkit\source\core\rendering\renderblock.cpp @ 3146]chrome!WebCore::RenderBlock::paint+0x12f [c:\b\build\slave\win-asan\build\src\third_party\webkit\source\core\rendering\renderblock.cpp @ 2886]chrome!WebCore::InlineBox::paint+0xd7 [c:\b\build\slave\win-asan\build\src\third_party\webkit\source\core\rendering\inlinebox.cpp @ 235]chrome!WebCore::InlineFlowBox::paint+0x23b [c:\b\build\slave\win-asan\build\src\third_party\webkit\source\core\rendering\inlineflowbox.cpp @ 1135]chrome!WebCore::RootInlineBox::paint+0x1f [c:\b\build\slave\win-asan\build\src\third_party\webkit\source\core\rendering\rootinlinebox.cpp @ 176]chrome!WebCore::RenderLineBoxList::paint+0x4af [c:\b\build\slave\win-asan\build\src\third_party\webkit\source\core\rendering\renderlineboxlist.cpp @ 232]chrome!WebCore::RenderBlock::paintContents+0x4d [c:\b\build\slave\win-asan\build\src\third_party\webkit\source\core\rendering\renderblock.cpp @ 3066]chrome!WebCore::RenderBlock::paintObject+0x125 [c:\b\build\slave\win-asan\build\src\third_party\webkit\source\core\rendering\renderblock.cpp @ 3175]chrome!WebCore::RenderBlock::paint+0x12f [c:\b\build\slave\win-asan\build\src\third_party\webkit\source\core\rendering\renderblock.cpp @ 2886]chrome!WebCore::RenderBlock::paintFloats+0x1a7 [c:\b\build\slave\win-asan\build\src\third_party\webkit\source\core\rendering\renderblock.cpp @ 3261]chrome!WebCore::RenderBlock::paintObject+0x197 [c:\b\build\slave\win-asan\build\src\third_party\webkit\source\core\rendering\renderblock.cpp @ 3187]chrome!WebCore::RenderBlock::paint+0x12f [c:\b\build\slave\win-asan\build\src\third_party\webkit\source\core\rendering\renderblock.cpp @ 2886]chrome!WebCore::RenderBlock::paintChild+0x257 [c:\b\build\slave\win-asan\build\src\third_party\webkit\source\core\rendering\renderblock.cpp @ 3105]chrome!WebCore::RenderBlock::paintChildren+0x64 [c:\b\build\slave\win-asan\build\src\third_party\webkit\source\core\rendering\renderblock.cpp @ 3071]chrome!WebCore::RenderBlock::paintContents+0x10d [c:\b\build\slave\win-asan\build\src\third_party\webkit\source\core\rendering\renderblock.cpp @ 3066]chrome!WebCore::RenderBlock::paintObject+0x125 [c:\b\build\slave\win-asan\build\src\third_party\webkit\source\core\rendering\renderblock.cpp @ 3175]chrome!WebCore::RenderBlock::paint+0x12f [c:\b\build\slave\win-asan\build\src\third_party\webkit\source\core\rendering\renderblock.cpp @ 2886]chrome!WebCore::RenderListItem::paint+0x45 [c:\b\build\slave\win-asan\build\src\third_party\webkit\source\core\rendering\renderlistitem.cpp @ 393]chrome!WebCore::RenderBlock::paintChild+0x257 [c:\b\build\slave\win-asan\build\src\third_party\webkit\source\core\rendering\renderblock.cpp @ 3105]chrome!WebCore::RenderBlock::paintChildren+0x64 [c:\b\build\slave\win-asan\build\src\third_party\webkit\source\core\rendering\renderblock.cpp @ 3071]chrome!WebCore::RenderBlock::paintContents+0x10d [c:\b\build\slave\win-asan\build\src\third_party\webkit\source\core\rendering\renderblock.cpp @ 3066]chrome!WebCore::RenderBlock::paintObject+0x125 [c:\b\build\slave\win-asan\build\src\third_party\webkit\source\core\rendering\renderblock.cpp @ 3175]chrome!WebCore::RenderBlock::paint+0x12f [c:\b\build\slave\win-asan\build\src\third_party\webkit\source\core\rendering\renderblock.cpp @ 2886]chrome!WebCore::RenderBlock::paintChild+0x257 [c:\b\build\slave\win-asan\build\src\third_party\webkit\source\core\rendering\renderblock.cpp @ 3105]chrome!WebCore::RenderBlock::paintChildren+0x64 [c:\b\build\slave\win-asan\build\src\third_party\webkit\source\core\rendering\renderblock.cpp @ 3071]chrome!WebCore::RenderBlock::paintContents+0x10d [c:\b\build\slave\win-asan\build\src\third_party\webkit\source\core\rendering\renderblock.cpp @ 3066]chrome!WebCore::RenderBlock::paintObject+0x125 [c:\b\build\slave\win-asan\build\src\third_party\webkit\source\core\rendering\renderblock.cpp @ 3175]chrome!WebCore::RenderBlock::paint+0x12f [c:\b\build\slave\win-asan\build\src\third_party\webkit\source\core\rendering\renderblock.cpp @ 2886]chrome!WebCore::RenderBlock::paintChild+0x257 [c:\b\build\slave\win-asan\build\src\third_party\webkit\source\core\rendering\renderblock.cpp @ 3105]chrome!WebCore::RenderBlock::paintChildren+0x64 [c:\b\build\slave\win-asan\build\src\third_party\webkit\source\core\rendering\renderblock.cpp @ 3071]chrome!WebCore::RenderBlock::paintContents+0x10d [c:\b\build\slave\win-asan\build\src\third_party\webkit\source\core\rendering\renderblock.cpp @ 3066]chrome!WebCore::RenderBlock::paintObject+0x125 [c:\b\build\slave\win-asan\build\src\third_party\webkit\source\core\rendering\renderblock.cpp @ 3175]chrome!WebCore::RenderBlock::paint+0x12f [c:\b\build\slave\win-asan\build\src\third_party\webkit\source\core\rendering\renderblock.cpp @ 2886]chrome!WebCore::RenderBlock::paintChild+0x257 [c:\b\build\slave\win-asan\build\src\third_party\webkit\source\core\rendering\renderblock.cpp @ 3105]chrome!WebCore::RenderBlock::paintChildren+0x64 [c:\b\build\slave\win-asan\build\src\third_party\webkit\source\core\rendering\renderblock.cpp @ 3071]chrome!WebCore::RenderBlock::paintContents+0x10d [c:\b\build\slave\win-asan\build\src\third_party\webkit\source\core\rendering\renderblock.cpp @ 3066]chrome!WebCore::RenderBlock::paintObject+0x125 [c:\b\build\slave\win-asan\build\src\third_party\webkit\source\core\rendering\renderblock.cpp @ 3175]chrome!WebCore::RenderBlock::paint+0x12f [c:\b\build\slave\win-asan\build\src\third_party\webkit\source\core\rendering\renderblock.cpp @ 2886]Free stack trace:asan_rtl!agent::asan::HeapProxy::Free+0xb8 [e:\b\build\slave\syzygy_official\build\src\syzygy\agent\asan\asan_heap.cc @ 232]asan_rtl!asan_HeapFree+0xb9 [e:\b\build\slave\syzygy_official\build\src\syzygy\agent\asan\asan_rtl_impl.cc @ 128]chrome!skia::BGRAConvolve2D+0x38d [c:\b\build\slave\win-asan\build\src\skia\ext\convolver.cc @ 508]chrome!skia::ImageOperations::ResizeBasic+0x323 [c:\b\build\slave\win-asan\build\src\skia\ext\image_operations.cc @ 523]chrome!WebCore::NativeImageSkia::resizedBitmap+0x100 [c:\b\build\slave\win-asan\build\src\third_party\webkit\source\core\platform\graphics\skia\nativeimageskia.cpp @ 97]chrome!WebCore::extractScaledImageFragment+0x1ef [c:\b\build\slave\win-asan\build\src\third_party\webkit\source\core\platform\graphics\skia\imageskia.cpp @ 283]chrome!WebCore::drawResampledBitmap+0x1db [c:\b\build\slave\win-asan\build\src\third_party\webkit\source\core\platform\graphics\skia\imageskia.cpp @ 322]chrome!WebCore::paintSkBitmap+0x358 [c:\b\build\slave\win-asan\build\src\third_party\webkit\source\core\platform\graphics\skia\imageskia.cpp @ 390]chrome!WebCore::BitmapImage::draw+0x265 [c:\b\build\slave\win-asan\build\src\third_party\webkit\source\core\platform\graphics\skia\imageskia.cpp @ 657]chrome!WebCore::BitmapImage::draw+0x24 [c:\b\build\slave\win-asan\build\src\third_party\webkit\source\core\platform\graphics\skia\imageskia.cpp @ 610]chrome!WebCore::Image::drawTiled+0x1e1 [c:\b\build\slave\win-asan\build\src\third_party\webkit\source\core\platform\graphics\image.cpp @ 136]chrome!WebCore::GraphicsContext::drawTiledImage+0x10e [c:\b\build\slave\win-asan\build\src\third_party\webkit\source\core\platform\graphics\graphicscontext.cpp @ 993]chrome!WebCore::RenderBoxModelObject::paintFillLayerExtended+0xf4d [c:\b\build\slave\win-asan\build\src\third_party\webkit\source\core\rendering\renderboxmodelobject.cpp @ 757]chrome!WebCore::RenderBox::paintFillLayers+0x15f [c:\b\build\slave\win-asan\build\src\third_party\webkit\source\core\rendering\renderbox.cpp @ 1376]chrome!WebCore::RenderBox::paintBackground+0x7e [c:\b\build\slave\win-asan\build\src\third_party\webkit\source\core\rendering\renderbox.cpp @ 1139]chrome!WebCore::RenderBox::paintBoxDecorations+0x169 [c:\b\build\slave\win-asan\build\src\third_party\webkit\source\core\rendering\renderbox.cpp @ 1115]chrome!WebCore::RenderBlock::paintObject+0x45 [c:\b\build\slave\win-asan\build\src\third_party\webkit\source\core\rendering\renderblock.cpp @ 3146]chrome!WebCore::RenderBlock::paint+0x12f [c:\b\build\slave\win-asan\build\src\third_party\webkit\source\core\rendering\renderblock.cpp @ 2886]chrome!WebCore::InlineBox::paint+0xd7 [c:\b\build\slave\win-asan\build\src\third_party\webkit\source\core\rendering\inlinebox.cpp @ 235]chrome!WebCore::InlineFlowBox::paint+0x23b [c:\b\build\slave\win-asan\build\src\third_party\webkit\source\core\rendering\inlineflowbox.cpp @ 1135]chrome!WebCore::RootInlineBox::paint+0x1f [c:\b\build\slave\win-asan\build\src\third_party\webkit\source\core\rendering\rootinlinebox.cpp @ 176]chrome!WebCore::RenderLineBoxList::paint+0x4af [c:\b\build\slave\win-asan\build\src\third_party\webkit\source\core\rendering\renderlineboxlist.cpp @ 232]chrome!WebCore::RenderBlock::paintContents+0x4d [c:\b\build\slave\win-asan\build\src\third_party\webkit\source\core\rendering\renderblock.cpp @ 3066]chrome!WebCore::RenderBlock::paintObject+0x125 [c:\b\build\slave\win-asan\build\src\third_party\webkit\source\core\rendering\renderblock.cpp @ 3175]chrome!WebCore::RenderBlock::paint+0x12f [c:\b\build\slave\win-asan\build\src\third_party\webkit\source\core\rendering\renderblock.cpp @ 2886]chrome!WebCore::RenderBlock::paintFloats+0x1a7 [c:\b\build\slave\win-asan\build\src\third_party\webkit\source\core\rendering\renderblock.cpp @ 3261]chrome!WebCore::RenderBlock::paintObject+0x197 [c:\b\build\slave\win-asan\build\src\third_party\webkit\source\core\rendering\renderblock.cpp @ 3187]chrome!WebCore::RenderBlock::paint+0x12f [c:\b\build\slave\win-asan\build\src\third_party\webkit\source\core\rendering\renderblock.cpp @ 2886]chrome!WebCore::RenderBlock::paintChild+0x257 [c:\b\build\slave\win-asan\build\src\third_party\webkit\source\core\rendering\renderblock.cpp @ 3105]chrome!WebCore::RenderBlock::paintChildren+0x64 [c:\b\build\slave\win-asan\build\src\third_party\webkit\source\core\rendering\renderblock.cpp @ 3071]chrome!WebCore::RenderBlock::paintContents+0x10d [c:\b\build\slave\win-asan\build\src\third_party\webkit\source\core\rendering\renderblock.cpp @ 3066]chrome!WebCore::RenderBlock::paintObject+0x125 [c:\b\build\slave\win-asan\build\src\third_party\webkit\source\core\rendering\renderblock.cpp @ 3175]chrome!WebCore::RenderBlock::paint+0x12f [c:\b\build\slave\win-asan\build\src\third_party\webkit\source\core\rendering\renderblock.cpp @ 2886]chrome!WebCore::RenderListItem::paint+0x45 [c:\b\build\slave\win-asan\build\src\third_party\webkit\source\core\rendering\renderlistitem.cpp @ 393]chrome!WebCore::RenderBlock::paintChild+0x257 [c:\b\build\slave\win-asan\build\src\third_party\webkit\source\core\rendering\renderblock.cpp @ 3105]chrome!WebCore::RenderBlock::paintChildren+0x64 [c:\b\build\slave\win-asan\build\src\third_party\webkit\source\core\rendering\renderblock.cpp @ 3071]chrome!WebCore::RenderBlock::paintContents+0x10d [c:\b\build\slave\win-asan\build\src\third_party\webkit\source\core\rendering\renderblock.cpp @ 3066]chrome!WebCore::RenderBlock::paintObject+0x125 [c:\b\build\slave\win-asan\build\src\third_party\webkit\source\core\rendering\renderblock.cpp @ 3175]chrome!WebCore::RenderBlock::paint+0x12f [c:\b\build\slave\win-asan\build\src\third_party\webkit\source\core\rendering\renderblock.cpp @ 2886]chrome!WebCore::RenderBlock::paintChild+0x257 [c:\b\build\slave\win-asan\build\src\third_party\webkit\source\core\rendering\renderblock.cpp @ 3105]chrome!WebCore::RenderBlock::paintChildren+0x64 [c:\b\build\slave\win-asan\build\src\third_party\webkit\source\core\rendering\renderblock.cpp @ 3071]chrome!WebCore::RenderBlock::paintContents+0x10d [c:\b\build\slave\win-asan\build\src\third_party\webkit\source\core\rendering\renderblock.cpp @ 3066]chrome!WebCore::RenderBlock::paintObject+0x125 [c:\b\build\slave\win-asan\build\src\third_party\webkit\source\core\rendering\renderblock.cpp @ 3175]chrome!WebCore::RenderBlock::paint+0x12f [c:\b\build\slave\win-asan\build\src\third_party\webkit\source\core\rendering\renderblock.cpp @ 2886]chrome!WebCore::RenderBlock::paintChild+0x257 [c:\b\build\slave\win-asan\build\src\third_party\webkit\source\core\rendering\renderblock.cpp @ 3105]chrome!WebCore::RenderBlock::paintChildren+0x64 [c:\b\build\slave\win-asan\build\src\third_party\webkit\source\core\rendering\renderblock.cpp @ 3071]chrome!WebCore::RenderBlock::paintContents+0x10d [c:\b\build\slave\win-asan\build\src\third_party\webkit\source\core\rendering\renderblock.cpp @ 3066]chrome!WebCore::RenderBlock::paintObject+0x125 [c:\b\build\slave\win-asan\build\src\third_party\webkit\source\core\rendering\renderblock.cpp @ 3175]chrome!WebCore::RenderBlock::paint+0x12f [c:\b\build\slave\win-asan\build\src\third_party\webkit\source\core\rendering\renderblock.cpp @ 2886]chrome!WebCore::RenderBlock::paintChild+0x257 [c:\b\build\slave\win-asan\build\src\third_party\webkit\source\core\rendering\renderblock.cpp @ 3105]chrome!WebCore::RenderBlock::paintChildren+0x64 [c:\b\build\slave\win-asan\build\src\third_party\webkit\source\core\rendering\renderblock.cpp @ 3071]chrome!WebCore::RenderBlock::paintContents+0x10d [c:\b\build\slave\win-asan\build\src\third_party\webkit\source\core\rendering\renderblock.cpp @ 3066]chrome!WebCore::RenderBlock::paintObject+0x125 [c:\b\build\slave\win-asan\build\src\third_party\webkit\source\core\rendering\renderblock.cpp @ 3175]chrome!WebCore::RenderBlock::paint+0x12f [c:\b\build\slave\win-asan\build\src\third_party\webkit\source\core\rendering\renderblock.cpp @ 2886]chrome!WebCore::RenderBlock::paintChild+0x257 [c:\b\build\slave\win-asan\build\src\third_party\webkit\source\core\rendering\renderblock.cpp @ 3105]chrome!WebCore::RenderBlock::paintChildren+0x64 [c:\b\build\slave\win-asan\build\src\third_party\webkit\source\core\rendering\renderblock.cpp @ 3071]chrome!WebCore::RenderBlock::paintContents+0x10d [c:\b\build\slave\win-asan\build\src\third_party\webkit\source\core\rendering\renderblock.cpp @ 3066] 

bug id : 46
owner : thestig@chromium.org
bug desc : With a temporary fix in place for bug 55177, the fact that this test was actually crashing means it _actually_ crashes the unit_tests executable. 

bug id : 47
owner : e...@chromium.org
bug desc : FontPlatformDataChromiumWin currently exposes the underlying hfont. This makes the underlying implementation leak through the skia abstraction and makes the direct write transition harder.We should try to remove all direct uses of HFONT in the blink code. 

bug id : 48
owner : sky@chromium.org
bug desc : Feedback from review was that we trigger the touch-tabstrip too early. Glen/Roma, can you come up with a number when to trigger touch-tabstrip? Based on tab width?  

bug id : 49
owner : estade@chromium.org
bug desc : Chrome Version: 47.0.2523.0 (Official Build) a17da4e812b365529cb56ce93e1c12a384a7af04-refs/heads/master@{#351453} (64-bit)OS: Mac Steps:1. Launch chrome, goto http://mirror.internode.on.net/pub/test/ and download any test file.2. Download bar will popup at bottom of the page, observe the Download bar progress ring'.Actual: 'Download bar progress ring' is cuts at the border edge.Expected: 'Download bar progress ring' should is seen properly.This is regression issue broken in M-47, and will provide the bisect info soon.Note: Issue is not seen on Windows and Linux OS. 

1
